{
  "uid" : "43c06e3292c590c4",
  "name" : "Booking: today's date",
  "fullName" : "desktopTests.regressionTests.BookingTests.t00000",
  "historyId" : "21b6c65e48e96e1ee934a5afe817c4ec",
  "time" : {
    "start" : 1643903706304,
    "stop" : 1643903760532,
    "duration" : 54228
  },
  "description" : "",
  "status" : "failed",
  "statusMessage" : "Invalid element state: element click intercepted: Element <ion-menu-toggle _ngcontent-udl-c94=\"\" menu=\"main-menu\" class=\"md hydrated\">...</ion-menu-toggle> is not clickable at point (28, 40). Other element would receive the click: <ion-menu _ngcontent-udl-c173=\"\" contentid=\"main-content\" menuid=\"flag-menu\" side=\"end\" role=\"navigation\" class=\"md menu-type-overlay menu-enabled menu-side-end hydrated show-menu\" content-id=\"main-content\" menu-id=\"flag-menu\">...</ion-menu>\nScreenshot: file:/home/runner/work/QAG25-diploma/QAG25-diploma/build/reports/tests/1643903759487.0.png\nPage source: file:/home/runner/work/QAG25-diploma/QAG25-diploma/build/reports/tests/1643903759487.0.html\nTimeout: 10 s.\nCaused by: ElementClickInterceptedException: element click intercepted: Element <ion-menu-toggle _ngcontent-udl-c94=\"\" menu=\"main-menu\" class=\"md hydrated\">...</ion-menu-toggle> is not clickable at point (28, 40). Other element would receive the click: <ion-menu _ngcontent-udl-c173=\"\" contentid=\"main-content\" menuid=\"flag-menu\" side=\"end\" role=\"navigation\" class=\"md menu-type-overlay menu-enabled menu-side-end hydrated show-menu\" content-id=\"main-content\" menu-id=\"flag-menu\">...</ion-menu>",
  "statusTrace" : "Invalid element state: element click intercepted: Element <ion-menu-toggle _ngcontent-udl-c94=\"\" menu=\"main-menu\" class=\"md hydrated\">...</ion-menu-toggle> is not clickable at point (28, 40). Other element would receive the click: <ion-menu _ngcontent-udl-c173=\"\" contentid=\"main-content\" menuid=\"flag-menu\" side=\"end\" role=\"navigation\" class=\"md menu-type-overlay menu-enabled menu-side-end hydrated show-menu\" content-id=\"main-content\" menu-id=\"flag-menu\">...</ion-menu>\nScreenshot: file:/home/runner/work/QAG25-diploma/QAG25-diploma/build/reports/tests/1643903759487.0.png\nPage source: file:/home/runner/work/QAG25-diploma/QAG25-diploma/build/reports/tests/1643903759487.0.html\nTimeout: 10 s.\nCaused by: ElementClickInterceptedException: element click intercepted: Element <ion-menu-toggle _ngcontent-udl-c94=\"\" menu=\"main-menu\" class=\"md hydrated\">...</ion-menu-toggle> is not clickable at point (28, 40). Other element would receive the click: <ion-menu _ngcontent-udl-c173=\"\" contentid=\"main-content\" menuid=\"flag-menu\" side=\"end\" role=\"navigation\" class=\"md menu-type-overlay menu-enabled menu-side-end hydrated show-menu\" content-id=\"main-content\" menu-id=\"flag-menu\">...</ion-menu>\n\tat com.codeborne.selenide.impl.ExceptionWrapper.wrap(ExceptionWrapper.java:26)\n\tat com.codeborne.selenide.impl.SelenideElementProxy.dispatchAndRetry(SelenideElementProxy.java:156)\n\tat com.codeborne.selenide.impl.SelenideElementProxy.invoke(SelenideElementProxy.java:86)\n\tat com.sun.proxy.$Proxy39.click(Unknown Source)\n\tat pages.SideMenu.openMenu(SideMenu.java:11)\n\tat pages.SideMenu.clickSearch(SideMenu.java:52)\n\tat desktopTests.regressionTests.BookingTests.t00000(BookingTests.java:23)\n\tat java.base/jdk.internal.reflect.NativeMethodAccessorImpl.invoke0(Native Method)\n\tat java.base/jdk.internal.reflect.NativeMethodAccessorImpl.invoke(NativeMethodAccessorImpl.java:62)\n\tat java.base/jdk.internal.reflect.DelegatingMethodAccessorImpl.invoke(DelegatingMethodAccessorImpl.java:43)\n\tat java.base/java.lang.reflect.Method.invoke(Method.java:566)\n\tat org.junit.platform.commons.util.ReflectionUtils.invokeMethod(ReflectionUtils.java:725)\n\tat org.junit.jupiter.engine.execution.MethodInvocation.proceed(MethodInvocation.java:60)\n\tat org.junit.jupiter.engine.execution.InvocationInterceptorChain$ValidatingInvocation.proceed(InvocationInterceptorChain.java:131)\n\tat org.junit.jupiter.engine.extension.TimeoutExtension.intercept(TimeoutExtension.java:149)\n\tat org.junit.jupiter.engine.extension.TimeoutExtension.interceptTestableMethod(TimeoutExtension.java:140)\n\tat org.junit.jupiter.engine.extension.TimeoutExtension.interceptTestMethod(TimeoutExtension.java:84)\n\tat org.junit.jupiter.engine.execution.ExecutableInvoker$ReflectiveInterceptorCall.lambda$ofVoidMethod$0(ExecutableInvoker.java:115)\n\tat org.junit.jupiter.engine.execution.ExecutableInvoker.lambda$invoke$0(ExecutableInvoker.java:105)\n\tat org.junit.jupiter.engine.execution.InvocationInterceptorChain$InterceptedInvocation.proceed(InvocationInterceptorChain.java:106)\n\tat org.junit.jupiter.engine.execution.InvocationInterceptorChain.proceed(InvocationInterceptorChain.java:64)\n\tat org.junit.jupiter.engine.execution.InvocationInterceptorChain.chainAndInvoke(InvocationInterceptorChain.java:45)\n\tat org.junit.jupiter.engine.execution.InvocationInterceptorChain.invoke(InvocationInterceptorChain.java:37)\n\tat org.junit.jupiter.engine.execution.ExecutableInvoker.invoke(ExecutableInvoker.java:104)\n\tat org.junit.jupiter.engine.execution.ExecutableInvoker.invoke(ExecutableInvoker.java:98)\n\tat org.junit.jupiter.engine.descriptor.TestMethodTestDescriptor.lambda$invokeTestMethod$7(TestMethodTestDescriptor.java:214)\n\tat org.junit.platform.engine.support.hierarchical.ThrowableCollector.execute(ThrowableCollector.java:73)\n\tat org.junit.jupiter.engine.descriptor.TestMethodTestDescriptor.invokeTestMethod(TestMethodTestDescriptor.java:210)\n\tat org.junit.jupiter.engine.descriptor.TestMethodTestDescriptor.execute(TestMethodTestDescriptor.java:135)\n\tat org.junit.jupiter.engine.descriptor.TestMethodTestDescriptor.execute(TestMethodTestDescriptor.java:66)\n\tat org.junit.platform.engine.support.hierarchical.NodeTestTask.lambda$executeRecursively$6(NodeTestTask.java:151)\n\tat org.junit.platform.engine.support.hierarchical.ThrowableCollector.execute(ThrowableCollector.java:73)\n\tat org.junit.platform.engine.support.hierarchical.NodeTestTask.lambda$executeRecursively$8(NodeTestTask.java:141)\n\tat org.junit.platform.engine.support.hierarchical.Node.around(Node.java:137)\n\tat org.junit.platform.engine.support.hierarchical.NodeTestTask.lambda$executeRecursively$9(NodeTestTask.java:139)\n\tat org.junit.platform.engine.support.hierarchical.ThrowableCollector.execute(ThrowableCollector.java:73)\n\tat org.junit.platform.engine.support.hierarchical.NodeTestTask.executeRecursively(NodeTestTask.java:138)\n\tat org.junit.platform.engine.support.hierarchical.NodeTestTask.execute(NodeTestTask.java:95)\n\tat java.base/java.util.ArrayList.forEach(ArrayList.java:1541)\n\tat org.junit.platform.engine.support.hierarchical.SameThreadHierarchicalTestExecutorService.invokeAll(SameThreadHierarchicalTestExecutorService.java:41)\n\tat org.junit.platform.engine.support.hierarchical.NodeTestTask.lambda$executeRecursively$6(NodeTestTask.java:155)\n\tat org.junit.platform.engine.support.hierarchical.ThrowableCollector.execute(ThrowableCollector.java:73)\n\tat org.junit.platform.engine.support.hierarchical.NodeTestTask.lambda$executeRecursively$8(NodeTestTask.java:141)\n\tat org.junit.platform.engine.support.hierarchical.Node.around(Node.java:137)\n\tat org.junit.platform.engine.support.hierarchical.NodeTestTask.lambda$executeRecursively$9(NodeTestTask.java:139)\n\tat org.junit.platform.engine.support.hierarchical.ThrowableCollector.execute(ThrowableCollector.java:73)\n\tat org.junit.platform.engine.support.hierarchical.NodeTestTask.executeRecursively(NodeTestTask.java:138)\n\tat org.junit.platform.engine.support.hierarchical.NodeTestTask.execute(NodeTestTask.java:95)\n\tat java.base/java.util.ArrayList.forEach(ArrayList.java:1541)\n\tat org.junit.platform.engine.support.hierarchical.SameThreadHierarchicalTestExecutorService.invokeAll(SameThreadHierarchicalTestExecutorService.java:41)\n\tat org.junit.platform.engine.support.hierarchical.NodeTestTask.lambda$executeRecursively$6(NodeTestTask.java:155)\n\tat org.junit.platform.engine.support.hierarchical.ThrowableCollector.execute(ThrowableCollector.java:73)\n\tat org.junit.platform.engine.support.hierarchical.NodeTestTask.lambda$executeRecursively$8(NodeTestTask.java:141)\n\tat org.junit.platform.engine.support.hierarchical.Node.around(Node.java:137)\n\tat org.junit.platform.engine.support.hierarchical.NodeTestTask.lambda$executeRecursively$9(NodeTestTask.java:139)\n\tat org.junit.platform.engine.support.hierarchical.ThrowableCollector.execute(ThrowableCollector.java:73)\n\tat org.junit.platform.engine.support.hierarchical.NodeTestTask.executeRecursively(NodeTestTask.java:138)\n\tat org.junit.platform.engine.support.hierarchical.NodeTestTask.execute(NodeTestTask.java:95)\n\tat org.junit.platform.engine.support.hierarchical.SameThreadHierarchicalTestExecutorService.submit(SameThreadHierarchicalTestExecutorService.java:35)\n\tat org.junit.platform.engine.support.hierarchical.HierarchicalTestExecutor.execute(HierarchicalTestExecutor.java:57)\n\tat org.junit.platform.engine.support.hierarchical.HierarchicalTestEngine.execute(HierarchicalTestEngine.java:54)\n\tat org.junit.platform.launcher.core.EngineExecutionOrchestrator.execute(EngineExecutionOrchestrator.java:107)\n\tat org.junit.platform.launcher.core.EngineExecutionOrchestrator.execute(EngineExecutionOrchestrator.java:88)\n\tat org.junit.platform.launcher.core.EngineExecutionOrchestrator.lambda$execute$0(EngineExecutionOrchestrator.java:54)\n\tat org.junit.platform.launcher.core.EngineExecutionOrchestrator.withInterceptedStreams(EngineExecutionOrchestrator.java:67)\n\tat org.junit.platform.launcher.core.EngineExecutionOrchestrator.execute(EngineExecutionOrchestrator.java:52)\n\tat org.junit.platform.launcher.core.DefaultLauncher.execute(DefaultLauncher.java:114)\n\tat org.junit.platform.launcher.core.DefaultLauncher.execute(DefaultLauncher.java:86)\n\tat org.junit.platform.launcher.core.DefaultLauncherSession$DelegatingLauncher.execute(DefaultLauncherSession.java:86)\n\tat org.junit.platform.launcher.core.SessionPerRequestLauncher.execute(SessionPerRequestLauncher.java:53)\n\tat org.gradle.api.internal.tasks.testing.junitplatform.JUnitPlatformTestClassProcessor$CollectAllTestClassesExecutor.processAllTestClasses(JUnitPlatformTestClassProcessor.java:99)\n\tat org.gradle.api.internal.tasks.testing.junitplatform.JUnitPlatformTestClassProcessor$CollectAllTestClassesExecutor.access$000(JUnitPlatformTestClassProcessor.java:79)\n\tat org.gradle.api.internal.tasks.testing.junitplatform.JUnitPlatformTestClassProcessor.stop(JUnitPlatformTestClassProcessor.java:75)\n\tat org.gradle.api.internal.tasks.testing.SuiteTestClassProcessor.stop(SuiteTestClassProcessor.java:61)\n\tat java.base/jdk.internal.reflect.NativeMethodAccessorImpl.invoke0(Native Method)\n\tat java.base/jdk.internal.reflect.NativeMethodAccessorImpl.invoke(NativeMethodAccessorImpl.java:62)\n\tat java.base/jdk.internal.reflect.DelegatingMethodAccessorImpl.invoke(DelegatingMethodAccessorImpl.java:43)\n\tat java.base/java.lang.reflect.Method.invoke(Method.java:566)\n\tat org.gradle.internal.dispatch.ReflectionDispatch.dispatch(ReflectionDispatch.java:36)\n\tat org.gradle.internal.dispatch.ReflectionDispatch.dispatch(ReflectionDispatch.java:24)\n\tat org.gradle.internal.dispatch.ContextClassLoaderDispatch.dispatch(ContextClassLoaderDispatch.java:33)\n\tat org.gradle.internal.dispatch.ProxyDispatchAdapter$DispatchingInvocationHandler.invoke(ProxyDispatchAdapter.java:94)\n\tat com.sun.proxy.$Proxy2.stop(Unknown Source)\n\tat org.gradle.api.internal.tasks.testing.worker.TestWorker.stop(TestWorker.java:135)\n\tat java.base/jdk.internal.reflect.NativeMethodAccessorImpl.invoke0(Native Method)\n\tat java.base/jdk.internal.reflect.NativeMethodAccessorImpl.invoke(NativeMethodAccessorImpl.java:62)\n\tat java.base/jdk.internal.reflect.DelegatingMethodAccessorImpl.invoke(DelegatingMethodAccessorImpl.java:43)\n\tat java.base/java.lang.reflect.Method.invoke(Method.java:566)\n\tat org.gradle.internal.dispatch.ReflectionDispatch.dispatch(ReflectionDispatch.java:36)\n\tat org.gradle.internal.dispatch.ReflectionDispatch.dispatch(ReflectionDispatch.java:24)\n\tat org.gradle.internal.remote.internal.hub.MessageHubBackedObjectConnection$DispatchWrapper.dispatch(MessageHubBackedObjectConnection.java:182)\n\tat org.gradle.internal.remote.internal.hub.MessageHubBackedObjectConnection$DispatchWrapper.dispatch(MessageHubBackedObjectConnection.java:164)\n\tat org.gradle.internal.remote.internal.hub.MessageHub$Handler.run(MessageHub.java:414)\n\tat org.gradle.internal.concurrent.ExecutorPolicy$CatchAndRecordFailures.onExecute(ExecutorPolicy.java:64)\n\tat org.gradle.internal.concurrent.ManagedExecutorImpl$1.run(ManagedExecutorImpl.java:48)\n\tat java.base/java.util.concurrent.ThreadPoolExecutor.runWorker(ThreadPoolExecutor.java:1128)\n\tat java.base/java.util.concurrent.ThreadPoolExecutor$Worker.run(ThreadPoolExecutor.java:628)\n\tat org.gradle.internal.concurrent.ThreadFactoryImpl$ManagedThreadRunnable.run(ThreadFactoryImpl.java:56)\n\tat java.base/java.lang.Thread.run(Thread.java:829)\nCaused by: org.openqa.selenium.ElementClickInterceptedException: element click intercepted: Element <ion-menu-toggle _ngcontent-udl-c94=\"\" menu=\"main-menu\" class=\"md hydrated\">...</ion-menu-toggle> is not clickable at point (28, 40). Other element would receive the click: <ion-menu _ngcontent-udl-c173=\"\" contentid=\"main-content\" menuid=\"flag-menu\" side=\"end\" role=\"navigation\" class=\"md menu-type-overlay menu-enabled menu-side-end hydrated show-menu\" content-id=\"main-content\" menu-id=\"flag-menu\">...</ion-menu>\n  (Session info: headless chrome=97.0.4692.99)\nBuild info: version: '3.141.59', revision: 'e82be7d358', time: '2018-11-14T08:17:03'\nSystem info: host: 'fv-az74-94', ip: '10.1.0.147', os.name: 'Linux', os.arch: 'amd64', os.version: '5.11.0-1028-azure', java.version: '11.0.11'\nDriver info: org.openqa.selenium.chrome.ChromeDriver\nCapabilities {acceptInsecureCerts: true, browserName: chrome, browserVersion: 97.0.4692.99, chrome: {chromedriverVersion: 97.0.4692.71 (adefa7837d02a..., userDataDir: /tmp/.com.google.Chrome.wccUIj}, goog:chromeOptions: {debuggerAddress: localhost:39549}, javascriptEnabled: true, networkConnectionEnabled: false, pageLoadStrategy: normal, platform: LINUX, platformName: LINUX, proxy: Proxy(), setWindowRect: true, strictFileInteractability: false, timeouts: {implicit: 0, pageLoad: 300000, script: 30000}, unhandledPromptBehavior: dismiss and notify, webauthn:extension:credBlob: true, webauthn:extension:largeBlob: true, webauthn:virtualAuthenticators: true}\nSession ID: a780bc192487e0dd854eba086133dd57\n\tat java.base/jdk.internal.reflect.NativeConstructorAccessorImpl.newInstance0(Native Method)\n\tat java.base/jdk.internal.reflect.NativeConstructorAccessorImpl.newInstance(NativeConstructorAccessorImpl.java:62)\n\tat java.base/jdk.internal.reflect.DelegatingConstructorAccessorImpl.newInstance(DelegatingConstructorAccessorImpl.java:45)\n\tat java.base/java.lang.reflect.Constructor.newInstance(Constructor.java:490)\n\tat org.openqa.selenium.remote.http.W3CHttpResponseCodec.createException(W3CHttpResponseCodec.java:187)\n\tat org.openqa.selenium.remote.http.W3CHttpResponseCodec.decode(W3CHttpResponseCodec.java:122)\n\tat org.openqa.selenium.remote.http.W3CHttpResponseCodec.decode(W3CHttpResponseCodec.java:49)\n\tat org.openqa.selenium.remote.HttpCommandExecutor.execute(HttpCommandExecutor.java:158)\n\tat org.openqa.selenium.remote.service.DriverCommandExecutor.execute(DriverCommandExecutor.java:83)\n\tat org.openqa.selenium.remote.RemoteWebDriver.execute(RemoteWebDriver.java:552)\n\tat org.openqa.selenium.remote.RemoteWebElement.execute(RemoteWebElement.java:285)\n\tat org.openqa.selenium.remote.RemoteWebElement.click(RemoteWebElement.java:84)\n\tat com.codeborne.selenide.commands.Click.click(Click.java:46)\n\tat com.codeborne.selenide.commands.Click.execute(Click.java:27)\n\tat com.codeborne.selenide.commands.Click.execute(Click.java:16)\n\tat com.codeborne.selenide.commands.Commands.execute(Commands.java:157)\n\tat com.codeborne.selenide.impl.SelenideElementProxy.dispatchAndRetry(SelenideElementProxy.java:134)\n\t... 97 more\n",
  "flaky" : true,
  "newFailed" : false,
  "beforeStages" : [ ],
  "testStage" : {
    "description" : "",
    "status" : "failed",
    "statusMessage" : "Invalid element state: element click intercepted: Element <ion-menu-toggle _ngcontent-udl-c94=\"\" menu=\"main-menu\" class=\"md hydrated\">...</ion-menu-toggle> is not clickable at point (28, 40). Other element would receive the click: <ion-menu _ngcontent-udl-c173=\"\" contentid=\"main-content\" menuid=\"flag-menu\" side=\"end\" role=\"navigation\" class=\"md menu-type-overlay menu-enabled menu-side-end hydrated show-menu\" content-id=\"main-content\" menu-id=\"flag-menu\">...</ion-menu>\nScreenshot: file:/home/runner/work/QAG25-diploma/QAG25-diploma/build/reports/tests/1643903759487.0.png\nPage source: file:/home/runner/work/QAG25-diploma/QAG25-diploma/build/reports/tests/1643903759487.0.html\nTimeout: 10 s.\nCaused by: ElementClickInterceptedException: element click intercepted: Element <ion-menu-toggle _ngcontent-udl-c94=\"\" menu=\"main-menu\" class=\"md hydrated\">...</ion-menu-toggle> is not clickable at point (28, 40). Other element would receive the click: <ion-menu _ngcontent-udl-c173=\"\" contentid=\"main-content\" menuid=\"flag-menu\" side=\"end\" role=\"navigation\" class=\"md menu-type-overlay menu-enabled menu-side-end hydrated show-menu\" content-id=\"main-content\" menu-id=\"flag-menu\">...</ion-menu>",
    "statusTrace" : "Invalid element state: element click intercepted: Element <ion-menu-toggle _ngcontent-udl-c94=\"\" menu=\"main-menu\" class=\"md hydrated\">...</ion-menu-toggle> is not clickable at point (28, 40). Other element would receive the click: <ion-menu _ngcontent-udl-c173=\"\" contentid=\"main-content\" menuid=\"flag-menu\" side=\"end\" role=\"navigation\" class=\"md menu-type-overlay menu-enabled menu-side-end hydrated show-menu\" content-id=\"main-content\" menu-id=\"flag-menu\">...</ion-menu>\nScreenshot: file:/home/runner/work/QAG25-diploma/QAG25-diploma/build/reports/tests/1643903759487.0.png\nPage source: file:/home/runner/work/QAG25-diploma/QAG25-diploma/build/reports/tests/1643903759487.0.html\nTimeout: 10 s.\nCaused by: ElementClickInterceptedException: element click intercepted: Element <ion-menu-toggle _ngcontent-udl-c94=\"\" menu=\"main-menu\" class=\"md hydrated\">...</ion-menu-toggle> is not clickable at point (28, 40). Other element would receive the click: <ion-menu _ngcontent-udl-c173=\"\" contentid=\"main-content\" menuid=\"flag-menu\" side=\"end\" role=\"navigation\" class=\"md menu-type-overlay menu-enabled menu-side-end hydrated show-menu\" content-id=\"main-content\" menu-id=\"flag-menu\">...</ion-menu>\n\tat com.codeborne.selenide.impl.ExceptionWrapper.wrap(ExceptionWrapper.java:26)\n\tat com.codeborne.selenide.impl.SelenideElementProxy.dispatchAndRetry(SelenideElementProxy.java:156)\n\tat com.codeborne.selenide.impl.SelenideElementProxy.invoke(SelenideElementProxy.java:86)\n\tat com.sun.proxy.$Proxy39.click(Unknown Source)\n\tat pages.SideMenu.openMenu(SideMenu.java:11)\n\tat pages.SideMenu.clickSearch(SideMenu.java:52)\n\tat desktopTests.regressionTests.BookingTests.t00000(BookingTests.java:23)\n\tat java.base/jdk.internal.reflect.NativeMethodAccessorImpl.invoke0(Native Method)\n\tat java.base/jdk.internal.reflect.NativeMethodAccessorImpl.invoke(NativeMethodAccessorImpl.java:62)\n\tat java.base/jdk.internal.reflect.DelegatingMethodAccessorImpl.invoke(DelegatingMethodAccessorImpl.java:43)\n\tat java.base/java.lang.reflect.Method.invoke(Method.java:566)\n\tat org.junit.platform.commons.util.ReflectionUtils.invokeMethod(ReflectionUtils.java:725)\n\tat org.junit.jupiter.engine.execution.MethodInvocation.proceed(MethodInvocation.java:60)\n\tat org.junit.jupiter.engine.execution.InvocationInterceptorChain$ValidatingInvocation.proceed(InvocationInterceptorChain.java:131)\n\tat org.junit.jupiter.engine.extension.TimeoutExtension.intercept(TimeoutExtension.java:149)\n\tat org.junit.jupiter.engine.extension.TimeoutExtension.interceptTestableMethod(TimeoutExtension.java:140)\n\tat org.junit.jupiter.engine.extension.TimeoutExtension.interceptTestMethod(TimeoutExtension.java:84)\n\tat org.junit.jupiter.engine.execution.ExecutableInvoker$ReflectiveInterceptorCall.lambda$ofVoidMethod$0(ExecutableInvoker.java:115)\n\tat org.junit.jupiter.engine.execution.ExecutableInvoker.lambda$invoke$0(ExecutableInvoker.java:105)\n\tat org.junit.jupiter.engine.execution.InvocationInterceptorChain$InterceptedInvocation.proceed(InvocationInterceptorChain.java:106)\n\tat org.junit.jupiter.engine.execution.InvocationInterceptorChain.proceed(InvocationInterceptorChain.java:64)\n\tat org.junit.jupiter.engine.execution.InvocationInterceptorChain.chainAndInvoke(InvocationInterceptorChain.java:45)\n\tat org.junit.jupiter.engine.execution.InvocationInterceptorChain.invoke(InvocationInterceptorChain.java:37)\n\tat org.junit.jupiter.engine.execution.ExecutableInvoker.invoke(ExecutableInvoker.java:104)\n\tat org.junit.jupiter.engine.execution.ExecutableInvoker.invoke(ExecutableInvoker.java:98)\n\tat org.junit.jupiter.engine.descriptor.TestMethodTestDescriptor.lambda$invokeTestMethod$7(TestMethodTestDescriptor.java:214)\n\tat org.junit.platform.engine.support.hierarchical.ThrowableCollector.execute(ThrowableCollector.java:73)\n\tat org.junit.jupiter.engine.descriptor.TestMethodTestDescriptor.invokeTestMethod(TestMethodTestDescriptor.java:210)\n\tat org.junit.jupiter.engine.descriptor.TestMethodTestDescriptor.execute(TestMethodTestDescriptor.java:135)\n\tat org.junit.jupiter.engine.descriptor.TestMethodTestDescriptor.execute(TestMethodTestDescriptor.java:66)\n\tat org.junit.platform.engine.support.hierarchical.NodeTestTask.lambda$executeRecursively$6(NodeTestTask.java:151)\n\tat org.junit.platform.engine.support.hierarchical.ThrowableCollector.execute(ThrowableCollector.java:73)\n\tat org.junit.platform.engine.support.hierarchical.NodeTestTask.lambda$executeRecursively$8(NodeTestTask.java:141)\n\tat org.junit.platform.engine.support.hierarchical.Node.around(Node.java:137)\n\tat org.junit.platform.engine.support.hierarchical.NodeTestTask.lambda$executeRecursively$9(NodeTestTask.java:139)\n\tat org.junit.platform.engine.support.hierarchical.ThrowableCollector.execute(ThrowableCollector.java:73)\n\tat org.junit.platform.engine.support.hierarchical.NodeTestTask.executeRecursively(NodeTestTask.java:138)\n\tat org.junit.platform.engine.support.hierarchical.NodeTestTask.execute(NodeTestTask.java:95)\n\tat java.base/java.util.ArrayList.forEach(ArrayList.java:1541)\n\tat org.junit.platform.engine.support.hierarchical.SameThreadHierarchicalTestExecutorService.invokeAll(SameThreadHierarchicalTestExecutorService.java:41)\n\tat org.junit.platform.engine.support.hierarchical.NodeTestTask.lambda$executeRecursively$6(NodeTestTask.java:155)\n\tat org.junit.platform.engine.support.hierarchical.ThrowableCollector.execute(ThrowableCollector.java:73)\n\tat org.junit.platform.engine.support.hierarchical.NodeTestTask.lambda$executeRecursively$8(NodeTestTask.java:141)\n\tat org.junit.platform.engine.support.hierarchical.Node.around(Node.java:137)\n\tat org.junit.platform.engine.support.hierarchical.NodeTestTask.lambda$executeRecursively$9(NodeTestTask.java:139)\n\tat org.junit.platform.engine.support.hierarchical.ThrowableCollector.execute(ThrowableCollector.java:73)\n\tat org.junit.platform.engine.support.hierarchical.NodeTestTask.executeRecursively(NodeTestTask.java:138)\n\tat org.junit.platform.engine.support.hierarchical.NodeTestTask.execute(NodeTestTask.java:95)\n\tat java.base/java.util.ArrayList.forEach(ArrayList.java:1541)\n\tat org.junit.platform.engine.support.hierarchical.SameThreadHierarchicalTestExecutorService.invokeAll(SameThreadHierarchicalTestExecutorService.java:41)\n\tat org.junit.platform.engine.support.hierarchical.NodeTestTask.lambda$executeRecursively$6(NodeTestTask.java:155)\n\tat org.junit.platform.engine.support.hierarchical.ThrowableCollector.execute(ThrowableCollector.java:73)\n\tat org.junit.platform.engine.support.hierarchical.NodeTestTask.lambda$executeRecursively$8(NodeTestTask.java:141)\n\tat org.junit.platform.engine.support.hierarchical.Node.around(Node.java:137)\n\tat org.junit.platform.engine.support.hierarchical.NodeTestTask.lambda$executeRecursively$9(NodeTestTask.java:139)\n\tat org.junit.platform.engine.support.hierarchical.ThrowableCollector.execute(ThrowableCollector.java:73)\n\tat org.junit.platform.engine.support.hierarchical.NodeTestTask.executeRecursively(NodeTestTask.java:138)\n\tat org.junit.platform.engine.support.hierarchical.NodeTestTask.execute(NodeTestTask.java:95)\n\tat org.junit.platform.engine.support.hierarchical.SameThreadHierarchicalTestExecutorService.submit(SameThreadHierarchicalTestExecutorService.java:35)\n\tat org.junit.platform.engine.support.hierarchical.HierarchicalTestExecutor.execute(HierarchicalTestExecutor.java:57)\n\tat org.junit.platform.engine.support.hierarchical.HierarchicalTestEngine.execute(HierarchicalTestEngine.java:54)\n\tat org.junit.platform.launcher.core.EngineExecutionOrchestrator.execute(EngineExecutionOrchestrator.java:107)\n\tat org.junit.platform.launcher.core.EngineExecutionOrchestrator.execute(EngineExecutionOrchestrator.java:88)\n\tat org.junit.platform.launcher.core.EngineExecutionOrchestrator.lambda$execute$0(EngineExecutionOrchestrator.java:54)\n\tat org.junit.platform.launcher.core.EngineExecutionOrchestrator.withInterceptedStreams(EngineExecutionOrchestrator.java:67)\n\tat org.junit.platform.launcher.core.EngineExecutionOrchestrator.execute(EngineExecutionOrchestrator.java:52)\n\tat org.junit.platform.launcher.core.DefaultLauncher.execute(DefaultLauncher.java:114)\n\tat org.junit.platform.launcher.core.DefaultLauncher.execute(DefaultLauncher.java:86)\n\tat org.junit.platform.launcher.core.DefaultLauncherSession$DelegatingLauncher.execute(DefaultLauncherSession.java:86)\n\tat org.junit.platform.launcher.core.SessionPerRequestLauncher.execute(SessionPerRequestLauncher.java:53)\n\tat org.gradle.api.internal.tasks.testing.junitplatform.JUnitPlatformTestClassProcessor$CollectAllTestClassesExecutor.processAllTestClasses(JUnitPlatformTestClassProcessor.java:99)\n\tat org.gradle.api.internal.tasks.testing.junitplatform.JUnitPlatformTestClassProcessor$CollectAllTestClassesExecutor.access$000(JUnitPlatformTestClassProcessor.java:79)\n\tat org.gradle.api.internal.tasks.testing.junitplatform.JUnitPlatformTestClassProcessor.stop(JUnitPlatformTestClassProcessor.java:75)\n\tat org.gradle.api.internal.tasks.testing.SuiteTestClassProcessor.stop(SuiteTestClassProcessor.java:61)\n\tat java.base/jdk.internal.reflect.NativeMethodAccessorImpl.invoke0(Native Method)\n\tat java.base/jdk.internal.reflect.NativeMethodAccessorImpl.invoke(NativeMethodAccessorImpl.java:62)\n\tat java.base/jdk.internal.reflect.DelegatingMethodAccessorImpl.invoke(DelegatingMethodAccessorImpl.java:43)\n\tat java.base/java.lang.reflect.Method.invoke(Method.java:566)\n\tat org.gradle.internal.dispatch.ReflectionDispatch.dispatch(ReflectionDispatch.java:36)\n\tat org.gradle.internal.dispatch.ReflectionDispatch.dispatch(ReflectionDispatch.java:24)\n\tat org.gradle.internal.dispatch.ContextClassLoaderDispatch.dispatch(ContextClassLoaderDispatch.java:33)\n\tat org.gradle.internal.dispatch.ProxyDispatchAdapter$DispatchingInvocationHandler.invoke(ProxyDispatchAdapter.java:94)\n\tat com.sun.proxy.$Proxy2.stop(Unknown Source)\n\tat org.gradle.api.internal.tasks.testing.worker.TestWorker.stop(TestWorker.java:135)\n\tat java.base/jdk.internal.reflect.NativeMethodAccessorImpl.invoke0(Native Method)\n\tat java.base/jdk.internal.reflect.NativeMethodAccessorImpl.invoke(NativeMethodAccessorImpl.java:62)\n\tat java.base/jdk.internal.reflect.DelegatingMethodAccessorImpl.invoke(DelegatingMethodAccessorImpl.java:43)\n\tat java.base/java.lang.reflect.Method.invoke(Method.java:566)\n\tat org.gradle.internal.dispatch.ReflectionDispatch.dispatch(ReflectionDispatch.java:36)\n\tat org.gradle.internal.dispatch.ReflectionDispatch.dispatch(ReflectionDispatch.java:24)\n\tat org.gradle.internal.remote.internal.hub.MessageHubBackedObjectConnection$DispatchWrapper.dispatch(MessageHubBackedObjectConnection.java:182)\n\tat org.gradle.internal.remote.internal.hub.MessageHubBackedObjectConnection$DispatchWrapper.dispatch(MessageHubBackedObjectConnection.java:164)\n\tat org.gradle.internal.remote.internal.hub.MessageHub$Handler.run(MessageHub.java:414)\n\tat org.gradle.internal.concurrent.ExecutorPolicy$CatchAndRecordFailures.onExecute(ExecutorPolicy.java:64)\n\tat org.gradle.internal.concurrent.ManagedExecutorImpl$1.run(ManagedExecutorImpl.java:48)\n\tat java.base/java.util.concurrent.ThreadPoolExecutor.runWorker(ThreadPoolExecutor.java:1128)\n\tat java.base/java.util.concurrent.ThreadPoolExecutor$Worker.run(ThreadPoolExecutor.java:628)\n\tat org.gradle.internal.concurrent.ThreadFactoryImpl$ManagedThreadRunnable.run(ThreadFactoryImpl.java:56)\n\tat java.base/java.lang.Thread.run(Thread.java:829)\nCaused by: org.openqa.selenium.ElementClickInterceptedException: element click intercepted: Element <ion-menu-toggle _ngcontent-udl-c94=\"\" menu=\"main-menu\" class=\"md hydrated\">...</ion-menu-toggle> is not clickable at point (28, 40). Other element would receive the click: <ion-menu _ngcontent-udl-c173=\"\" contentid=\"main-content\" menuid=\"flag-menu\" side=\"end\" role=\"navigation\" class=\"md menu-type-overlay menu-enabled menu-side-end hydrated show-menu\" content-id=\"main-content\" menu-id=\"flag-menu\">...</ion-menu>\n  (Session info: headless chrome=97.0.4692.99)\nBuild info: version: '3.141.59', revision: 'e82be7d358', time: '2018-11-14T08:17:03'\nSystem info: host: 'fv-az74-94', ip: '10.1.0.147', os.name: 'Linux', os.arch: 'amd64', os.version: '5.11.0-1028-azure', java.version: '11.0.11'\nDriver info: org.openqa.selenium.chrome.ChromeDriver\nCapabilities {acceptInsecureCerts: true, browserName: chrome, browserVersion: 97.0.4692.99, chrome: {chromedriverVersion: 97.0.4692.71 (adefa7837d02a..., userDataDir: /tmp/.com.google.Chrome.wccUIj}, goog:chromeOptions: {debuggerAddress: localhost:39549}, javascriptEnabled: true, networkConnectionEnabled: false, pageLoadStrategy: normal, platform: LINUX, platformName: LINUX, proxy: Proxy(), setWindowRect: true, strictFileInteractability: false, timeouts: {implicit: 0, pageLoad: 300000, script: 30000}, unhandledPromptBehavior: dismiss and notify, webauthn:extension:credBlob: true, webauthn:extension:largeBlob: true, webauthn:virtualAuthenticators: true}\nSession ID: a780bc192487e0dd854eba086133dd57\n\tat java.base/jdk.internal.reflect.NativeConstructorAccessorImpl.newInstance0(Native Method)\n\tat java.base/jdk.internal.reflect.NativeConstructorAccessorImpl.newInstance(NativeConstructorAccessorImpl.java:62)\n\tat java.base/jdk.internal.reflect.DelegatingConstructorAccessorImpl.newInstance(DelegatingConstructorAccessorImpl.java:45)\n\tat java.base/java.lang.reflect.Constructor.newInstance(Constructor.java:490)\n\tat org.openqa.selenium.remote.http.W3CHttpResponseCodec.createException(W3CHttpResponseCodec.java:187)\n\tat org.openqa.selenium.remote.http.W3CHttpResponseCodec.decode(W3CHttpResponseCodec.java:122)\n\tat org.openqa.selenium.remote.http.W3CHttpResponseCodec.decode(W3CHttpResponseCodec.java:49)\n\tat org.openqa.selenium.remote.HttpCommandExecutor.execute(HttpCommandExecutor.java:158)\n\tat org.openqa.selenium.remote.service.DriverCommandExecutor.execute(DriverCommandExecutor.java:83)\n\tat org.openqa.selenium.remote.RemoteWebDriver.execute(RemoteWebDriver.java:552)\n\tat org.openqa.selenium.remote.RemoteWebElement.execute(RemoteWebElement.java:285)\n\tat org.openqa.selenium.remote.RemoteWebElement.click(RemoteWebElement.java:84)\n\tat com.codeborne.selenide.commands.Click.click(Click.java:46)\n\tat com.codeborne.selenide.commands.Click.execute(Click.java:27)\n\tat com.codeborne.selenide.commands.Click.execute(Click.java:16)\n\tat com.codeborne.selenide.commands.Commands.execute(Commands.java:157)\n\tat com.codeborne.selenide.impl.SelenideElementProxy.dispatchAndRetry(SelenideElementProxy.java:134)\n\t... 97 more\n",
    "steps" : [ {
      "name" : "Open URL: https://app.maxibooking.ru",
      "time" : {
        "start" : 1643903722342,
        "stop" : 1643903736014,
        "duration" : 13672
      },
      "status" : "passed",
      "steps" : [ {
        "name" : "$(\"open\") https://app.maxibooking.ru",
        "time" : {
          "start" : 1643903722432,
          "stop" : 1643903736014,
          "duration" : 13582
        },
        "status" : "passed",
        "steps" : [ ],
        "attachments" : [ ],
        "parameters" : [ ],
        "stepsCount" : 0,
        "attachmentsCount" : 0,
        "shouldDisplayMessage" : false,
        "hasContent" : false
      } ],
      "attachments" : [ ],
      "parameters" : [ ],
      "stepsCount" : 1,
      "attachmentsCount" : 0,
      "shouldDisplayMessage" : false,
      "hasContent" : true
    }, {
      "name" : "Pop-up skip",
      "time" : {
        "start" : 1643903736016,
        "stop" : 1643903738663,
        "duration" : 2647
      },
      "status" : "passed",
      "steps" : [ {
        "name" : "$(\"#alert-1-sub-hdr\") should be([visible, 10 s.])",
        "time" : {
          "start" : 1643903736317,
          "stop" : 1643903736895,
          "duration" : 578
        },
        "status" : "passed",
        "steps" : [ ],
        "attachments" : [ ],
        "parameters" : [ ],
        "stepsCount" : 0,
        "attachmentsCount" : 0,
        "shouldDisplayMessage" : false,
        "hasContent" : false
      }, {
        "name" : "$(\"ion-alert\") press escape()",
        "time" : {
          "start" : 1643903737896,
          "stop" : 1643903737993,
          "duration" : 97
        },
        "status" : "passed",
        "steps" : [ ],
        "attachments" : [ ],
        "parameters" : [ ],
        "stepsCount" : 0,
        "attachmentsCount" : 0,
        "shouldDisplayMessage" : false,
        "hasContent" : false
      }, {
        "name" : "$(\"ion-alert\") should not be([visible, 10 s.])",
        "time" : {
          "start" : 1643903737994,
          "stop" : 1643903738463,
          "duration" : 469
        },
        "status" : "passed",
        "steps" : [ ],
        "attachments" : [ ],
        "parameters" : [ ],
        "stepsCount" : 0,
        "attachmentsCount" : 0,
        "shouldDisplayMessage" : false,
        "hasContent" : false
      } ],
      "attachments" : [ ],
      "parameters" : [ ],
      "stepsCount" : 3,
      "attachmentsCount" : 0,
      "shouldDisplayMessage" : false,
      "hasContent" : true
    }, {
      "name" : "Log In with qdfro0utxh@sunt.pp : 5l6rp6vrla1p",
      "time" : {
        "start" : 1643903738666,
        "stop" : 1643903743458,
        "duration" : 4792
      },
      "status" : "passed",
      "steps" : [ {
        "name" : "Change language to English",
        "time" : {
          "start" : 1643903738666,
          "stop" : 1643903739225,
          "duration" : 559
        },
        "status" : "passed",
        "steps" : [ {
          "name" : "$(\"[menu='flag-menu'].filter(visible)[0]\") get text()",
          "time" : {
            "start" : 1643903739170,
            "stop" : 1643903739225,
            "duration" : 55
          },
          "status" : "passed",
          "steps" : [ ],
          "attachments" : [ ],
          "parameters" : [ ],
          "stepsCount" : 0,
          "attachmentsCount" : 0,
          "shouldDisplayMessage" : false,
          "hasContent" : false
        } ],
        "attachments" : [ ],
        "parameters" : [ ],
        "stepsCount" : 1,
        "attachmentsCount" : 0,
        "shouldDisplayMessage" : false,
        "hasContent" : true
      }, {
        "name" : "Click Menu > Log in",
        "time" : {
          "start" : 1643903739236,
          "stop" : 1643903740552,
          "duration" : 1316
        },
        "status" : "passed",
        "steps" : [ {
          "name" : "$(\"[menu='main-menu'].filter(visible)[0]\") click()",
          "time" : {
            "start" : 1643903739536,
            "stop" : 1643903739823,
            "duration" : 287
          },
          "status" : "passed",
          "steps" : [ ],
          "attachments" : [ ],
          "parameters" : [ ],
          "stepsCount" : 0,
          "attachmentsCount" : 0,
          "shouldDisplayMessage" : false,
          "hasContent" : false
        }, {
          "name" : "$(\"[id='main-menu.log-in']\") scroll into view(true)",
          "time" : {
            "start" : 1643903740123,
            "stop" : 1643903740155,
            "duration" : 32
          },
          "status" : "passed",
          "steps" : [ {
            "name" : "$(\"[id='main-menu.log-in']\") get wrapped element()",
            "time" : {
              "start" : 1643903740124,
              "stop" : 1643903740145,
              "duration" : 21
            },
            "status" : "passed",
            "steps" : [ ],
            "attachments" : [ ],
            "parameters" : [ ],
            "stepsCount" : 0,
            "attachmentsCount" : 0,
            "shouldDisplayMessage" : false,
            "hasContent" : false
          } ],
          "attachments" : [ ],
          "parameters" : [ ],
          "stepsCount" : 1,
          "attachmentsCount" : 0,
          "shouldDisplayMessage" : false,
          "hasContent" : true
        }, {
          "name" : "$(\"[id='main-menu.log-in']\") click()",
          "time" : {
            "start" : 1643903740155,
            "stop" : 1643903740251,
            "duration" : 96
          },
          "status" : "passed",
          "steps" : [ ],
          "attachments" : [ ],
          "parameters" : [ ],
          "stepsCount" : 0,
          "attachmentsCount" : 0,
          "shouldDisplayMessage" : false,
          "hasContent" : false
        } ],
        "attachments" : [ ],
        "parameters" : [ ],
        "stepsCount" : 4,
        "attachmentsCount" : 0,
        "shouldDisplayMessage" : false,
        "hasContent" : true
      }, {
        "name" : "$(\"app-login/input\") set value(qdfro0utxh@sunt.pp)",
        "time" : {
          "start" : 1643903740552,
          "stop" : 1643903740732,
          "duration" : 180
        },
        "status" : "passed",
        "steps" : [ ],
        "attachments" : [ ],
        "parameters" : [ ],
        "stepsCount" : 0,
        "attachmentsCount" : 0,
        "shouldDisplayMessage" : false,
        "hasContent" : false
      }, {
        "name" : "$(\"app-login/input[1]\") set value(5l6rp6vrla1p)",
        "time" : {
          "start" : 1643903740732,
          "stop" : 1643903740906,
          "duration" : 174
        },
        "status" : "passed",
        "steps" : [ ],
        "attachments" : [ ],
        "parameters" : [ ],
        "stepsCount" : 0,
        "attachmentsCount" : 0,
        "shouldDisplayMessage" : false,
        "hasContent" : false
      }, {
        "name" : "$(\"app-login-form ion-button[type='submit']\") click()",
        "time" : {
          "start" : 1643903741091,
          "stop" : 1643903741166,
          "duration" : 75
        },
        "status" : "passed",
        "steps" : [ ],
        "attachments" : [ ],
        "parameters" : [ ],
        "stepsCount" : 0,
        "attachmentsCount" : 0,
        "shouldDisplayMessage" : false,
        "hasContent" : false
      }, {
        "name" : "$(\"app-login-form ion-button[type='submit']\") should not be([visible, 10 s.])",
        "time" : {
          "start" : 1643903741167,
          "stop" : 1643903743458,
          "duration" : 2291
        },
        "status" : "passed",
        "steps" : [ ],
        "attachments" : [ ],
        "parameters" : [ ],
        "stepsCount" : 0,
        "attachmentsCount" : 0,
        "shouldDisplayMessage" : false,
        "hasContent" : false
      } ],
      "attachments" : [ {
        "uid" : "846fd8cd8fbe649d",
        "name" : "Screenshot",
        "source" : "846fd8cd8fbe649d.png",
        "type" : "image/png",
        "size" : 30078
      } ],
      "parameters" : [ ],
      "stepsCount" : 11,
      "attachmentsCount" : 1,
      "shouldDisplayMessage" : false,
      "hasContent" : true
    }, {
      "name" : "Change language to English",
      "time" : {
        "start" : 1643903743458,
        "stop" : 1643903745811,
        "duration" : 2353
      },
      "status" : "passed",
      "steps" : [ {
        "name" : "$(\"[menu='flag-menu'].filter(visible)[0]\") get text()",
        "time" : {
          "start" : 1643903743959,
          "stop" : 1643903744090,
          "duration" : 131
        },
        "status" : "passed",
        "steps" : [ ],
        "attachments" : [ ],
        "parameters" : [ ],
        "stepsCount" : 0,
        "attachmentsCount" : 0,
        "shouldDisplayMessage" : false,
        "hasContent" : false
      }, {
        "name" : "$(\"[menu='flag-menu'].filter(visible)[0]\") click()",
        "time" : {
          "start" : 1643903744091,
          "stop" : 1643903744237,
          "duration" : 146
        },
        "status" : "passed",
        "steps" : [ ],
        "attachments" : [ ],
        "parameters" : [ ],
        "stepsCount" : 0,
        "attachmentsCount" : 0,
        "shouldDisplayMessage" : false,
        "hasContent" : false
      }, {
        "name" : "$(\"app-flag-menu ion-select\") click()",
        "time" : {
          "start" : 1643903744237,
          "stop" : 1643903744658,
          "duration" : 421
        },
        "status" : "passed",
        "steps" : [ ],
        "attachments" : [ ],
        "parameters" : [ ],
        "stepsCount" : 0,
        "attachmentsCount" : 0,
        "shouldDisplayMessage" : false,
        "hasContent" : false
      }, {
        "name" : "$(\"ion-alert button\") click()",
        "time" : {
          "start" : 1643903744659,
          "stop" : 1643903744759,
          "duration" : 100
        },
        "status" : "passed",
        "steps" : [ ],
        "attachments" : [ ],
        "parameters" : [ ],
        "stepsCount" : 0,
        "attachmentsCount" : 0,
        "shouldDisplayMessage" : false,
        "hasContent" : false
      }, {
        "name" : "$(\"div.alert-button-group button[1]\") click()",
        "time" : {
          "start" : 1643903744759,
          "stop" : 1643903744828,
          "duration" : 69
        },
        "status" : "passed",
        "steps" : [ ],
        "attachments" : [ ],
        "parameters" : [ ],
        "stepsCount" : 0,
        "attachmentsCount" : 0,
        "shouldDisplayMessage" : false,
        "hasContent" : false
      }, {
        "name" : "$(\"div.alert-radio-group\") should not be([visible, 10 s.])",
        "time" : {
          "start" : 1643903744828,
          "stop" : 1643903745297,
          "duration" : 469
        },
        "status" : "passed",
        "steps" : [ ],
        "attachments" : [ ],
        "parameters" : [ ],
        "stepsCount" : 0,
        "attachmentsCount" : 0,
        "shouldDisplayMessage" : false,
        "hasContent" : false
      }, {
        "name" : "$(\"ion-alert\") exists()",
        "time" : {
          "start" : 1643903745798,
          "stop" : 1643903745811,
          "duration" : 13
        },
        "status" : "passed",
        "steps" : [ ],
        "attachments" : [ ],
        "parameters" : [ ],
        "stepsCount" : 0,
        "attachmentsCount" : 0,
        "shouldDisplayMessage" : false,
        "hasContent" : false
      } ],
      "attachments" : [ ],
      "parameters" : [ ],
      "stepsCount" : 7,
      "attachmentsCount" : 0,
      "shouldDisplayMessage" : false,
      "hasContent" : true
    }, {
      "name" : "$(\"body\") exists()",
      "time" : {
        "start" : 1643903745811,
        "stop" : 1643903745822,
        "duration" : 11
      },
      "status" : "passed",
      "steps" : [ ],
      "attachments" : [ ],
      "parameters" : [ ],
      "stepsCount" : 0,
      "attachmentsCount" : 0,
      "shouldDisplayMessage" : false,
      "hasContent" : false
    }, {
      "name" : "Open URL: https://app.maxibooking.ru",
      "time" : {
        "start" : 1643903746326,
        "stop" : 1643903746657,
        "duration" : 331
      },
      "status" : "passed",
      "steps" : [ {
        "name" : "$(\"open\") https://app.maxibooking.ru",
        "time" : {
          "start" : 1643903746326,
          "stop" : 1643903746657,
          "duration" : 331
        },
        "status" : "passed",
        "steps" : [ ],
        "attachments" : [ ],
        "parameters" : [ ],
        "stepsCount" : 0,
        "attachmentsCount" : 0,
        "shouldDisplayMessage" : false,
        "hasContent" : false
      } ],
      "attachments" : [ ],
      "parameters" : [ ],
      "stepsCount" : 1,
      "attachmentsCount" : 0,
      "shouldDisplayMessage" : false,
      "hasContent" : true
    }, {
      "name" : "Change language to English",
      "time" : {
        "start" : 1643903746657,
        "stop" : 1643903749005,
        "duration" : 2348
      },
      "status" : "passed",
      "steps" : [ {
        "name" : "$(\"[menu='flag-menu'].filter(visible)[0]\") get text()",
        "time" : {
          "start" : 1643903747157,
          "stop" : 1643903747244,
          "duration" : 87
        },
        "status" : "passed",
        "steps" : [ ],
        "attachments" : [ ],
        "parameters" : [ ],
        "stepsCount" : 0,
        "attachmentsCount" : 0,
        "shouldDisplayMessage" : false,
        "hasContent" : false
      }, {
        "name" : "$(\"[menu='flag-menu'].filter(visible)[0]\") click()",
        "time" : {
          "start" : 1643903747244,
          "stop" : 1643903747363,
          "duration" : 119
        },
        "status" : "passed",
        "steps" : [ ],
        "attachments" : [ ],
        "parameters" : [ ],
        "stepsCount" : 0,
        "attachmentsCount" : 0,
        "shouldDisplayMessage" : false,
        "hasContent" : false
      }, {
        "name" : "$(\"app-flag-menu ion-select\") click()",
        "time" : {
          "start" : 1643903747363,
          "stop" : 1643903747900,
          "duration" : 537
        },
        "status" : "passed",
        "steps" : [ ],
        "attachments" : [ ],
        "parameters" : [ ],
        "stepsCount" : 0,
        "attachmentsCount" : 0,
        "shouldDisplayMessage" : false,
        "hasContent" : false
      }, {
        "name" : "$(\"ion-alert button\") click()",
        "time" : {
          "start" : 1643903747900,
          "stop" : 1643903748004,
          "duration" : 104
        },
        "status" : "passed",
        "steps" : [ ],
        "attachments" : [ ],
        "parameters" : [ ],
        "stepsCount" : 0,
        "attachmentsCount" : 0,
        "shouldDisplayMessage" : false,
        "hasContent" : false
      }, {
        "name" : "$(\"div.alert-button-group button[1]\") click()",
        "time" : {
          "start" : 1643903748004,
          "stop" : 1643903748106,
          "duration" : 102
        },
        "status" : "passed",
        "steps" : [ ],
        "attachments" : [ ],
        "parameters" : [ ],
        "stepsCount" : 0,
        "attachmentsCount" : 0,
        "shouldDisplayMessage" : false,
        "hasContent" : false
      }, {
        "name" : "$(\"div.alert-radio-group\") should not be([visible, 10 s.])",
        "time" : {
          "start" : 1643903748106,
          "stop" : 1643903748493,
          "duration" : 387
        },
        "status" : "passed",
        "steps" : [ ],
        "attachments" : [ ],
        "parameters" : [ ],
        "stepsCount" : 0,
        "attachmentsCount" : 0,
        "shouldDisplayMessage" : false,
        "hasContent" : false
      }, {
        "name" : "$(\"ion-alert\") exists()",
        "time" : {
          "start" : 1643903748993,
          "stop" : 1643903749005,
          "duration" : 12
        },
        "status" : "passed",
        "steps" : [ ],
        "attachments" : [ ],
        "parameters" : [ ],
        "stepsCount" : 0,
        "attachmentsCount" : 0,
        "shouldDisplayMessage" : false,
        "hasContent" : false
      } ],
      "attachments" : [ ],
      "parameters" : [ ],
      "stepsCount" : 7,
      "attachmentsCount" : 0,
      "shouldDisplayMessage" : false,
      "hasContent" : true
    }, {
      "name" : "Click Menu > Search",
      "time" : {
        "start" : 1643903749005,
        "stop" : 1643903760151,
        "duration" : 11146
      },
      "status" : "failed",
      "statusMessage" : "Invalid element state: element click intercepted: Element <ion-menu-toggle _ngcontent-udl-c94=\"\" menu=\"main-menu\" class=\"md hydrated\">...</ion-menu-toggle> is not clickable at point (28, 40). Other element would receive the click: <ion-menu _ngcontent-udl-c173=\"\" contentid=\"main-content\" menuid=\"flag-menu\" side=\"end\" role=\"navigation\" class=\"md menu-type-overlay menu-enabled menu-side-end hydrated show-menu\" content-id=\"main-content\" menu-id=\"flag-menu\">...</ion-menu>\nScreenshot: file:/home/runner/work/QAG25-diploma/QAG25-diploma/build/reports/tests/1643903759487.0.png\nPage source: file:/home/runner/work/QAG25-diploma/QAG25-diploma/build/reports/tests/1643903759487.0.html\nTimeout: 10 s.\nCaused by: ElementClickInterceptedException: element click intercepted: Element <ion-menu-toggle _ngcontent-udl-c94=\"\" menu=\"main-menu\" class=\"md hydrated\">...</ion-menu-toggle> is not clickable at point (28, 40). Other element would receive the click: <ion-menu _ngcontent-udl-c173=\"\" contentid=\"main-content\" menuid=\"flag-menu\" side=\"end\" role=\"navigation\" class=\"md menu-type-overlay menu-enabled menu-side-end hydrated show-menu\" content-id=\"main-content\" menu-id=\"flag-menu\">...</ion-menu>",
      "statusTrace" : "Invalid element state: element click intercepted: Element <ion-menu-toggle _ngcontent-udl-c94=\"\" menu=\"main-menu\" class=\"md hydrated\">...</ion-menu-toggle> is not clickable at point (28, 40). Other element would receive the click: <ion-menu _ngcontent-udl-c173=\"\" contentid=\"main-content\" menuid=\"flag-menu\" side=\"end\" role=\"navigation\" class=\"md menu-type-overlay menu-enabled menu-side-end hydrated show-menu\" content-id=\"main-content\" menu-id=\"flag-menu\">...</ion-menu>\nScreenshot: file:/home/runner/work/QAG25-diploma/QAG25-diploma/build/reports/tests/1643903759487.0.png\nPage source: file:/home/runner/work/QAG25-diploma/QAG25-diploma/build/reports/tests/1643903759487.0.html\nTimeout: 10 s.\nCaused by: ElementClickInterceptedException: element click intercepted: Element <ion-menu-toggle _ngcontent-udl-c94=\"\" menu=\"main-menu\" class=\"md hydrated\">...</ion-menu-toggle> is not clickable at point (28, 40). Other element would receive the click: <ion-menu _ngcontent-udl-c173=\"\" contentid=\"main-content\" menuid=\"flag-menu\" side=\"end\" role=\"navigation\" class=\"md menu-type-overlay menu-enabled menu-side-end hydrated show-menu\" content-id=\"main-content\" menu-id=\"flag-menu\">...</ion-menu>\n\tat com.codeborne.selenide.impl.ExceptionWrapper.wrap(ExceptionWrapper.java:26)\n\tat com.codeborne.selenide.impl.SelenideElementProxy.dispatchAndRetry(SelenideElementProxy.java:156)\n\tat com.codeborne.selenide.impl.SelenideElementProxy.invoke(SelenideElementProxy.java:86)\n\tat com.sun.proxy.$Proxy39.click(Unknown Source)\n\tat pages.SideMenu.openMenu(SideMenu.java:11)\n\tat pages.SideMenu.clickSearch(SideMenu.java:52)\n\tat desktopTests.regressionTests.BookingTests.t00000(BookingTests.java:23)\n\tat java.base/jdk.internal.reflect.NativeMethodAccessorImpl.invoke0(Native Method)\n\tat java.base/jdk.internal.reflect.NativeMethodAccessorImpl.invoke(NativeMethodAccessorImpl.java:62)\n\tat java.base/jdk.internal.reflect.DelegatingMethodAccessorImpl.invoke(DelegatingMethodAccessorImpl.java:43)\n\tat java.base/java.lang.reflect.Method.invoke(Method.java:566)\n\tat org.junit.platform.commons.util.ReflectionUtils.invokeMethod(ReflectionUtils.java:725)\n\tat org.junit.jupiter.engine.execution.MethodInvocation.proceed(MethodInvocation.java:60)\n\tat org.junit.jupiter.engine.execution.InvocationInterceptorChain$ValidatingInvocation.proceed(InvocationInterceptorChain.java:131)\n\tat org.junit.jupiter.engine.extension.TimeoutExtension.intercept(TimeoutExtension.java:149)\n\tat org.junit.jupiter.engine.extension.TimeoutExtension.interceptTestableMethod(TimeoutExtension.java:140)\n\tat org.junit.jupiter.engine.extension.TimeoutExtension.interceptTestMethod(TimeoutExtension.java:84)\n\tat org.junit.jupiter.engine.execution.ExecutableInvoker$ReflectiveInterceptorCall.lambda$ofVoidMethod$0(ExecutableInvoker.java:115)\n\tat org.junit.jupiter.engine.execution.ExecutableInvoker.lambda$invoke$0(ExecutableInvoker.java:105)\n\tat org.junit.jupiter.engine.execution.InvocationInterceptorChain$InterceptedInvocation.proceed(InvocationInterceptorChain.java:106)\n\tat org.junit.jupiter.engine.execution.InvocationInterceptorChain.proceed(InvocationInterceptorChain.java:64)\n\tat org.junit.jupiter.engine.execution.InvocationInterceptorChain.chainAndInvoke(InvocationInterceptorChain.java:45)\n\tat org.junit.jupiter.engine.execution.InvocationInterceptorChain.invoke(InvocationInterceptorChain.java:37)\n\tat org.junit.jupiter.engine.execution.ExecutableInvoker.invoke(ExecutableInvoker.java:104)\n\tat org.junit.jupiter.engine.execution.ExecutableInvoker.invoke(ExecutableInvoker.java:98)\n\tat org.junit.jupiter.engine.descriptor.TestMethodTestDescriptor.lambda$invokeTestMethod$7(TestMethodTestDescriptor.java:214)\n\tat org.junit.platform.engine.support.hierarchical.ThrowableCollector.execute(ThrowableCollector.java:73)\n\tat org.junit.jupiter.engine.descriptor.TestMethodTestDescriptor.invokeTestMethod(TestMethodTestDescriptor.java:210)\n\tat org.junit.jupiter.engine.descriptor.TestMethodTestDescriptor.execute(TestMethodTestDescriptor.java:135)\n\tat org.junit.jupiter.engine.descriptor.TestMethodTestDescriptor.execute(TestMethodTestDescriptor.java:66)\n\tat org.junit.platform.engine.support.hierarchical.NodeTestTask.lambda$executeRecursively$6(NodeTestTask.java:151)\n\tat org.junit.platform.engine.support.hierarchical.ThrowableCollector.execute(ThrowableCollector.java:73)\n\tat org.junit.platform.engine.support.hierarchical.NodeTestTask.lambda$executeRecursively$8(NodeTestTask.java:141)\n\tat org.junit.platform.engine.support.hierarchical.Node.around(Node.java:137)\n\tat org.junit.platform.engine.support.hierarchical.NodeTestTask.lambda$executeRecursively$9(NodeTestTask.java:139)\n\tat org.junit.platform.engine.support.hierarchical.ThrowableCollector.execute(ThrowableCollector.java:73)\n\tat org.junit.platform.engine.support.hierarchical.NodeTestTask.executeRecursively(NodeTestTask.java:138)\n\tat org.junit.platform.engine.support.hierarchical.NodeTestTask.execute(NodeTestTask.java:95)\n\tat java.base/java.util.ArrayList.forEach(ArrayList.java:1541)\n\tat org.junit.platform.engine.support.hierarchical.SameThreadHierarchicalTestExecutorService.invokeAll(SameThreadHierarchicalTestExecutorService.java:41)\n\tat org.junit.platform.engine.support.hierarchical.NodeTestTask.lambda$executeRecursively$6(NodeTestTask.java:155)\n\tat org.junit.platform.engine.support.hierarchical.ThrowableCollector.execute(ThrowableCollector.java:73)\n\tat org.junit.platform.engine.support.hierarchical.NodeTestTask.lambda$executeRecursively$8(NodeTestTask.java:141)\n\tat org.junit.platform.engine.support.hierarchical.Node.around(Node.java:137)\n\tat org.junit.platform.engine.support.hierarchical.NodeTestTask.lambda$executeRecursively$9(NodeTestTask.java:139)\n\tat org.junit.platform.engine.support.hierarchical.ThrowableCollector.execute(ThrowableCollector.java:73)\n\tat org.junit.platform.engine.support.hierarchical.NodeTestTask.executeRecursively(NodeTestTask.java:138)\n\tat org.junit.platform.engine.support.hierarchical.NodeTestTask.execute(NodeTestTask.java:95)\n\tat java.base/java.util.ArrayList.forEach(ArrayList.java:1541)\n\tat org.junit.platform.engine.support.hierarchical.SameThreadHierarchicalTestExecutorService.invokeAll(SameThreadHierarchicalTestExecutorService.java:41)\n\tat org.junit.platform.engine.support.hierarchical.NodeTestTask.lambda$executeRecursively$6(NodeTestTask.java:155)\n\tat org.junit.platform.engine.support.hierarchical.ThrowableCollector.execute(ThrowableCollector.java:73)\n\tat org.junit.platform.engine.support.hierarchical.NodeTestTask.lambda$executeRecursively$8(NodeTestTask.java:141)\n\tat org.junit.platform.engine.support.hierarchical.Node.around(Node.java:137)\n\tat org.junit.platform.engine.support.hierarchical.NodeTestTask.lambda$executeRecursively$9(NodeTestTask.java:139)\n\tat org.junit.platform.engine.support.hierarchical.ThrowableCollector.execute(ThrowableCollector.java:73)\n\tat org.junit.platform.engine.support.hierarchical.NodeTestTask.executeRecursively(NodeTestTask.java:138)\n\tat org.junit.platform.engine.support.hierarchical.NodeTestTask.execute(NodeTestTask.java:95)\n\tat org.junit.platform.engine.support.hierarchical.SameThreadHierarchicalTestExecutorService.submit(SameThreadHierarchicalTestExecutorService.java:35)\n\tat org.junit.platform.engine.support.hierarchical.HierarchicalTestExecutor.execute(HierarchicalTestExecutor.java:57)\n\tat org.junit.platform.engine.support.hierarchical.HierarchicalTestEngine.execute(HierarchicalTestEngine.java:54)\n\tat org.junit.platform.launcher.core.EngineExecutionOrchestrator.execute(EngineExecutionOrchestrator.java:107)\n\tat org.junit.platform.launcher.core.EngineExecutionOrchestrator.execute(EngineExecutionOrchestrator.java:88)\n\tat org.junit.platform.launcher.core.EngineExecutionOrchestrator.lambda$execute$0(EngineExecutionOrchestrator.java:54)\n\tat org.junit.platform.launcher.core.EngineExecutionOrchestrator.withInterceptedStreams(EngineExecutionOrchestrator.java:67)\n\tat org.junit.platform.launcher.core.EngineExecutionOrchestrator.execute(EngineExecutionOrchestrator.java:52)\n\tat org.junit.platform.launcher.core.DefaultLauncher.execute(DefaultLauncher.java:114)\n\tat org.junit.platform.launcher.core.DefaultLauncher.execute(DefaultLauncher.java:86)\n\tat org.junit.platform.launcher.core.DefaultLauncherSession$DelegatingLauncher.execute(DefaultLauncherSession.java:86)\n\tat org.junit.platform.launcher.core.SessionPerRequestLauncher.execute(SessionPerRequestLauncher.java:53)\n\tat org.gradle.api.internal.tasks.testing.junitplatform.JUnitPlatformTestClassProcessor$CollectAllTestClassesExecutor.processAllTestClasses(JUnitPlatformTestClassProcessor.java:99)\n\tat org.gradle.api.internal.tasks.testing.junitplatform.JUnitPlatformTestClassProcessor$CollectAllTestClassesExecutor.access$000(JUnitPlatformTestClassProcessor.java:79)\n\tat org.gradle.api.internal.tasks.testing.junitplatform.JUnitPlatformTestClassProcessor.stop(JUnitPlatformTestClassProcessor.java:75)\n\tat org.gradle.api.internal.tasks.testing.SuiteTestClassProcessor.stop(SuiteTestClassProcessor.java:61)\n\tat java.base/jdk.internal.reflect.NativeMethodAccessorImpl.invoke0(Native Method)\n\tat java.base/jdk.internal.reflect.NativeMethodAccessorImpl.invoke(NativeMethodAccessorImpl.java:62)\n\tat java.base/jdk.internal.reflect.DelegatingMethodAccessorImpl.invoke(DelegatingMethodAccessorImpl.java:43)\n\tat java.base/java.lang.reflect.Method.invoke(Method.java:566)\n\tat org.gradle.internal.dispatch.ReflectionDispatch.dispatch(ReflectionDispatch.java:36)\n\tat org.gradle.internal.dispatch.ReflectionDispatch.dispatch(ReflectionDispatch.java:24)\n\tat org.gradle.internal.dispatch.ContextClassLoaderDispatch.dispatch(ContextClassLoaderDispatch.java:33)\n\tat org.gradle.internal.dispatch.ProxyDispatchAdapter$DispatchingInvocationHandler.invoke(ProxyDispatchAdapter.java:94)\n\tat com.sun.proxy.$Proxy2.stop(Unknown Source)\n\tat org.gradle.api.internal.tasks.testing.worker.TestWorker.stop(TestWorker.java:135)\n\tat java.base/jdk.internal.reflect.NativeMethodAccessorImpl.invoke0(Native Method)\n\tat java.base/jdk.internal.reflect.NativeMethodAccessorImpl.invoke(NativeMethodAccessorImpl.java:62)\n\tat java.base/jdk.internal.reflect.DelegatingMethodAccessorImpl.invoke(DelegatingMethodAccessorImpl.java:43)\n\tat java.base/java.lang.reflect.Method.invoke(Method.java:566)\n\tat org.gradle.internal.dispatch.ReflectionDispatch.dispatch(ReflectionDispatch.java:36)\n\tat org.gradle.internal.dispatch.ReflectionDispatch.dispatch(ReflectionDispatch.java:24)\n\tat org.gradle.internal.remote.internal.hub.MessageHubBackedObjectConnection$DispatchWrapper.dispatch(MessageHubBackedObjectConnection.java:182)\n\tat org.gradle.internal.remote.internal.hub.MessageHubBackedObjectConnection$DispatchWrapper.dispatch(MessageHubBackedObjectConnection.java:164)\n\tat org.gradle.internal.remote.internal.hub.MessageHub$Handler.run(MessageHub.java:414)\n\tat org.gradle.internal.concurrent.ExecutorPolicy$CatchAndRecordFailures.onExecute(ExecutorPolicy.java:64)\n\tat org.gradle.internal.concurrent.ManagedExecutorImpl$1.run(ManagedExecutorImpl.java:48)\n\tat java.base/java.util.concurrent.ThreadPoolExecutor.runWorker(ThreadPoolExecutor.java:1128)\n\tat java.base/java.util.concurrent.ThreadPoolExecutor$Worker.run(ThreadPoolExecutor.java:628)\n\tat org.gradle.internal.concurrent.ThreadFactoryImpl$ManagedThreadRunnable.run(ThreadFactoryImpl.java:56)\n\tat java.base/java.lang.Thread.run(Thread.java:829)\nCaused by: org.openqa.selenium.ElementClickInterceptedException: element click intercepted: Element <ion-menu-toggle _ngcontent-udl-c94=\"\" menu=\"main-menu\" class=\"md hydrated\">...</ion-menu-toggle> is not clickable at point (28, 40). Other element would receive the click: <ion-menu _ngcontent-udl-c173=\"\" contentid=\"main-content\" menuid=\"flag-menu\" side=\"end\" role=\"navigation\" class=\"md menu-type-overlay menu-enabled menu-side-end hydrated show-menu\" content-id=\"main-content\" menu-id=\"flag-menu\">...</ion-menu>\n  (Session info: headless chrome=97.0.4692.99)\nBuild info: version: '3.141.59', revision: 'e82be7d358', time: '2018-11-14T08:17:03'\nSystem info: host: 'fv-az74-94', ip: '10.1.0.147', os.name: 'Linux', os.arch: 'amd64', os.version: '5.11.0-1028-azure', java.version: '11.0.11'\nDriver info: org.openqa.selenium.chrome.ChromeDriver\nCapabilities {acceptInsecureCerts: true, browserName: chrome, browserVersion: 97.0.4692.99, chrome: {chromedriverVersion: 97.0.4692.71 (adefa7837d02a..., userDataDir: /tmp/.com.google.Chrome.wccUIj}, goog:chromeOptions: {debuggerAddress: localhost:39549}, javascriptEnabled: true, networkConnectionEnabled: false, pageLoadStrategy: normal, platform: LINUX, platformName: LINUX, proxy: Proxy(), setWindowRect: true, strictFileInteractability: false, timeouts: {implicit: 0, pageLoad: 300000, script: 30000}, unhandledPromptBehavior: dismiss and notify, webauthn:extension:credBlob: true, webauthn:extension:largeBlob: true, webauthn:virtualAuthenticators: true}\nSession ID: a780bc192487e0dd854eba086133dd57\n\tat java.base/jdk.internal.reflect.NativeConstructorAccessorImpl.newInstance0(Native Method)\n\tat java.base/jdk.internal.reflect.NativeConstructorAccessorImpl.newInstance(NativeConstructorAccessorImpl.java:62)\n\tat java.base/jdk.internal.reflect.DelegatingConstructorAccessorImpl.newInstance(DelegatingConstructorAccessorImpl.java:45)\n\tat java.base/java.lang.reflect.Constructor.newInstance(Constructor.java:490)\n\tat org.openqa.selenium.remote.http.W3CHttpResponseCodec.createException(W3CHttpResponseCodec.java:187)\n\tat org.openqa.selenium.remote.http.W3CHttpResponseCodec.decode(W3CHttpResponseCodec.java:122)\n\tat org.openqa.selenium.remote.http.W3CHttpResponseCodec.decode(W3CHttpResponseCodec.java:49)\n\tat org.openqa.selenium.remote.HttpCommandExecutor.execute(HttpCommandExecutor.java:158)\n\tat org.openqa.selenium.remote.service.DriverCommandExecutor.execute(DriverCommandExecutor.java:83)\n\tat org.openqa.selenium.remote.RemoteWebDriver.execute(RemoteWebDriver.java:552)\n\tat org.openqa.selenium.remote.RemoteWebElement.execute(RemoteWebElement.java:285)\n\tat org.openqa.selenium.remote.RemoteWebElement.click(RemoteWebElement.java:84)\n\tat com.codeborne.selenide.commands.Click.click(Click.java:46)\n\tat com.codeborne.selenide.commands.Click.execute(Click.java:27)\n\tat com.codeborne.selenide.commands.Click.execute(Click.java:16)\n\tat com.codeborne.selenide.commands.Commands.execute(Commands.java:157)\n\tat com.codeborne.selenide.impl.SelenideElementProxy.dispatchAndRetry(SelenideElementProxy.java:134)\n\t... 97 more\n",
      "steps" : [ {
        "name" : "$(\"[menu='main-menu'].filter(visible)[0]\") click()",
        "time" : {
          "start" : 1643903749306,
          "stop" : 1643903760135,
          "duration" : 10829
        },
        "status" : "failed",
        "statusMessage" : "Invalid element state: element click intercepted: Element <ion-menu-toggle _ngcontent-udl-c94=\"\" menu=\"main-menu\" class=\"md hydrated\">...</ion-menu-toggle> is not clickable at point (28, 40). Other element would receive the click: <ion-menu _ngcontent-udl-c173=\"\" contentid=\"main-content\" menuid=\"flag-menu\" side=\"end\" role=\"navigation\" class=\"md menu-type-overlay menu-enabled menu-side-end hydrated show-menu\" content-id=\"main-content\" menu-id=\"flag-menu\">...</ion-menu>\nScreenshot: file:/home/runner/work/QAG25-diploma/QAG25-diploma/build/reports/tests/1643903759487.0.png\nPage source: file:/home/runner/work/QAG25-diploma/QAG25-diploma/build/reports/tests/1643903759487.0.html\nTimeout: 10 s.\nCaused by: ElementClickInterceptedException: element click intercepted: Element <ion-menu-toggle _ngcontent-udl-c94=\"\" menu=\"main-menu\" class=\"md hydrated\">...</ion-menu-toggle> is not clickable at point (28, 40). Other element would receive the click: <ion-menu _ngcontent-udl-c173=\"\" contentid=\"main-content\" menuid=\"flag-menu\" side=\"end\" role=\"navigation\" class=\"md menu-type-overlay menu-enabled menu-side-end hydrated show-menu\" content-id=\"main-content\" menu-id=\"flag-menu\">...</ion-menu>",
        "statusTrace" : "Invalid element state: element click intercepted: Element <ion-menu-toggle _ngcontent-udl-c94=\"\" menu=\"main-menu\" class=\"md hydrated\">...</ion-menu-toggle> is not clickable at point (28, 40). Other element would receive the click: <ion-menu _ngcontent-udl-c173=\"\" contentid=\"main-content\" menuid=\"flag-menu\" side=\"end\" role=\"navigation\" class=\"md menu-type-overlay menu-enabled menu-side-end hydrated show-menu\" content-id=\"main-content\" menu-id=\"flag-menu\">...</ion-menu>\nScreenshot: file:/home/runner/work/QAG25-diploma/QAG25-diploma/build/reports/tests/1643903759487.0.png\nPage source: file:/home/runner/work/QAG25-diploma/QAG25-diploma/build/reports/tests/1643903759487.0.html\nTimeout: 10 s.\nCaused by: ElementClickInterceptedException: element click intercepted: Element <ion-menu-toggle _ngcontent-udl-c94=\"\" menu=\"main-menu\" class=\"md hydrated\">...</ion-menu-toggle> is not clickable at point (28, 40). Other element would receive the click: <ion-menu _ngcontent-udl-c173=\"\" contentid=\"main-content\" menuid=\"flag-menu\" side=\"end\" role=\"navigation\" class=\"md menu-type-overlay menu-enabled menu-side-end hydrated show-menu\" content-id=\"main-content\" menu-id=\"flag-menu\">...</ion-menu>\n\tat com.codeborne.selenide.impl.ExceptionWrapper.wrap(ExceptionWrapper.java:26)\n\tat com.codeborne.selenide.impl.SelenideElementProxy.dispatchAndRetry(SelenideElementProxy.java:156)\n\tat com.codeborne.selenide.impl.SelenideElementProxy.invoke(SelenideElementProxy.java:86)\n\tat com.sun.proxy.$Proxy39.click(Unknown Source)\n\tat pages.SideMenu.openMenu(SideMenu.java:11)\n\tat pages.SideMenu.clickSearch(SideMenu.java:52)\n\tat desktopTests.regressionTests.BookingTests.t00000(BookingTests.java:23)\n\tat java.base/jdk.internal.reflect.NativeMethodAccessorImpl.invoke0(Native Method)\n\tat java.base/jdk.internal.reflect.NativeMethodAccessorImpl.invoke(NativeMethodAccessorImpl.java:62)\n\tat java.base/jdk.internal.reflect.DelegatingMethodAccessorImpl.invoke(DelegatingMethodAccessorImpl.java:43)\n\tat java.base/java.lang.reflect.Method.invoke(Method.java:566)\n\tat org.junit.platform.commons.util.ReflectionUtils.invokeMethod(ReflectionUtils.java:725)\n\tat org.junit.jupiter.engine.execution.MethodInvocation.proceed(MethodInvocation.java:60)\n\tat org.junit.jupiter.engine.execution.InvocationInterceptorChain$ValidatingInvocation.proceed(InvocationInterceptorChain.java:131)\n\tat org.junit.jupiter.engine.extension.TimeoutExtension.intercept(TimeoutExtension.java:149)\n\tat org.junit.jupiter.engine.extension.TimeoutExtension.interceptTestableMethod(TimeoutExtension.java:140)\n\tat org.junit.jupiter.engine.extension.TimeoutExtension.interceptTestMethod(TimeoutExtension.java:84)\n\tat org.junit.jupiter.engine.execution.ExecutableInvoker$ReflectiveInterceptorCall.lambda$ofVoidMethod$0(ExecutableInvoker.java:115)\n\tat org.junit.jupiter.engine.execution.ExecutableInvoker.lambda$invoke$0(ExecutableInvoker.java:105)\n\tat org.junit.jupiter.engine.execution.InvocationInterceptorChain$InterceptedInvocation.proceed(InvocationInterceptorChain.java:106)\n\tat org.junit.jupiter.engine.execution.InvocationInterceptorChain.proceed(InvocationInterceptorChain.java:64)\n\tat org.junit.jupiter.engine.execution.InvocationInterceptorChain.chainAndInvoke(InvocationInterceptorChain.java:45)\n\tat org.junit.jupiter.engine.execution.InvocationInterceptorChain.invoke(InvocationInterceptorChain.java:37)\n\tat org.junit.jupiter.engine.execution.ExecutableInvoker.invoke(ExecutableInvoker.java:104)\n\tat org.junit.jupiter.engine.execution.ExecutableInvoker.invoke(ExecutableInvoker.java:98)\n\tat org.junit.jupiter.engine.descriptor.TestMethodTestDescriptor.lambda$invokeTestMethod$7(TestMethodTestDescriptor.java:214)\n\tat org.junit.platform.engine.support.hierarchical.ThrowableCollector.execute(ThrowableCollector.java:73)\n\tat org.junit.jupiter.engine.descriptor.TestMethodTestDescriptor.invokeTestMethod(TestMethodTestDescriptor.java:210)\n\tat org.junit.jupiter.engine.descriptor.TestMethodTestDescriptor.execute(TestMethodTestDescriptor.java:135)\n\tat org.junit.jupiter.engine.descriptor.TestMethodTestDescriptor.execute(TestMethodTestDescriptor.java:66)\n\tat org.junit.platform.engine.support.hierarchical.NodeTestTask.lambda$executeRecursively$6(NodeTestTask.java:151)\n\tat org.junit.platform.engine.support.hierarchical.ThrowableCollector.execute(ThrowableCollector.java:73)\n\tat org.junit.platform.engine.support.hierarchical.NodeTestTask.lambda$executeRecursively$8(NodeTestTask.java:141)\n\tat org.junit.platform.engine.support.hierarchical.Node.around(Node.java:137)\n\tat org.junit.platform.engine.support.hierarchical.NodeTestTask.lambda$executeRecursively$9(NodeTestTask.java:139)\n\tat org.junit.platform.engine.support.hierarchical.ThrowableCollector.execute(ThrowableCollector.java:73)\n\tat org.junit.platform.engine.support.hierarchical.NodeTestTask.executeRecursively(NodeTestTask.java:138)\n\tat org.junit.platform.engine.support.hierarchical.NodeTestTask.execute(NodeTestTask.java:95)\n\tat java.base/java.util.ArrayList.forEach(ArrayList.java:1541)\n\tat org.junit.platform.engine.support.hierarchical.SameThreadHierarchicalTestExecutorService.invokeAll(SameThreadHierarchicalTestExecutorService.java:41)\n\tat org.junit.platform.engine.support.hierarchical.NodeTestTask.lambda$executeRecursively$6(NodeTestTask.java:155)\n\tat org.junit.platform.engine.support.hierarchical.ThrowableCollector.execute(ThrowableCollector.java:73)\n\tat org.junit.platform.engine.support.hierarchical.NodeTestTask.lambda$executeRecursively$8(NodeTestTask.java:141)\n\tat org.junit.platform.engine.support.hierarchical.Node.around(Node.java:137)\n\tat org.junit.platform.engine.support.hierarchical.NodeTestTask.lambda$executeRecursively$9(NodeTestTask.java:139)\n\tat org.junit.platform.engine.support.hierarchical.ThrowableCollector.execute(ThrowableCollector.java:73)\n\tat org.junit.platform.engine.support.hierarchical.NodeTestTask.executeRecursively(NodeTestTask.java:138)\n\tat org.junit.platform.engine.support.hierarchical.NodeTestTask.execute(NodeTestTask.java:95)\n\tat java.base/java.util.ArrayList.forEach(ArrayList.java:1541)\n\tat org.junit.platform.engine.support.hierarchical.SameThreadHierarchicalTestExecutorService.invokeAll(SameThreadHierarchicalTestExecutorService.java:41)\n\tat org.junit.platform.engine.support.hierarchical.NodeTestTask.lambda$executeRecursively$6(NodeTestTask.java:155)\n\tat org.junit.platform.engine.support.hierarchical.ThrowableCollector.execute(ThrowableCollector.java:73)\n\tat org.junit.platform.engine.support.hierarchical.NodeTestTask.lambda$executeRecursively$8(NodeTestTask.java:141)\n\tat org.junit.platform.engine.support.hierarchical.Node.around(Node.java:137)\n\tat org.junit.platform.engine.support.hierarchical.NodeTestTask.lambda$executeRecursively$9(NodeTestTask.java:139)\n\tat org.junit.platform.engine.support.hierarchical.ThrowableCollector.execute(ThrowableCollector.java:73)\n\tat org.junit.platform.engine.support.hierarchical.NodeTestTask.executeRecursively(NodeTestTask.java:138)\n\tat org.junit.platform.engine.support.hierarchical.NodeTestTask.execute(NodeTestTask.java:95)\n\tat org.junit.platform.engine.support.hierarchical.SameThreadHierarchicalTestExecutorService.submit(SameThreadHierarchicalTestExecutorService.java:35)\n\tat org.junit.platform.engine.support.hierarchical.HierarchicalTestExecutor.execute(HierarchicalTestExecutor.java:57)\n\tat org.junit.platform.engine.support.hierarchical.HierarchicalTestEngine.execute(HierarchicalTestEngine.java:54)\n\tat org.junit.platform.launcher.core.EngineExecutionOrchestrator.execute(EngineExecutionOrchestrator.java:107)\n\tat org.junit.platform.launcher.core.EngineExecutionOrchestrator.execute(EngineExecutionOrchestrator.java:88)\n\tat org.junit.platform.launcher.core.EngineExecutionOrchestrator.lambda$execute$0(EngineExecutionOrchestrator.java:54)\n\tat org.junit.platform.launcher.core.EngineExecutionOrchestrator.withInterceptedStreams(EngineExecutionOrchestrator.java:67)\n\tat org.junit.platform.launcher.core.EngineExecutionOrchestrator.execute(EngineExecutionOrchestrator.java:52)\n\tat org.junit.platform.launcher.core.DefaultLauncher.execute(DefaultLauncher.java:114)\n\tat org.junit.platform.launcher.core.DefaultLauncher.execute(DefaultLauncher.java:86)\n\tat org.junit.platform.launcher.core.DefaultLauncherSession$DelegatingLauncher.execute(DefaultLauncherSession.java:86)\n\tat org.junit.platform.launcher.core.SessionPerRequestLauncher.execute(SessionPerRequestLauncher.java:53)\n\tat org.gradle.api.internal.tasks.testing.junitplatform.JUnitPlatformTestClassProcessor$CollectAllTestClassesExecutor.processAllTestClasses(JUnitPlatformTestClassProcessor.java:99)\n\tat org.gradle.api.internal.tasks.testing.junitplatform.JUnitPlatformTestClassProcessor$CollectAllTestClassesExecutor.access$000(JUnitPlatformTestClassProcessor.java:79)\n\tat org.gradle.api.internal.tasks.testing.junitplatform.JUnitPlatformTestClassProcessor.stop(JUnitPlatformTestClassProcessor.java:75)\n\tat org.gradle.api.internal.tasks.testing.SuiteTestClassProcessor.stop(SuiteTestClassProcessor.java:61)\n\tat java.base/jdk.internal.reflect.NativeMethodAccessorImpl.invoke0(Native Method)\n\tat java.base/jdk.internal.reflect.NativeMethodAccessorImpl.invoke(NativeMethodAccessorImpl.java:62)\n\tat java.base/jdk.internal.reflect.DelegatingMethodAccessorImpl.invoke(DelegatingMethodAccessorImpl.java:43)\n\tat java.base/java.lang.reflect.Method.invoke(Method.java:566)\n\tat org.gradle.internal.dispatch.ReflectionDispatch.dispatch(ReflectionDispatch.java:36)\n\tat org.gradle.internal.dispatch.ReflectionDispatch.dispatch(ReflectionDispatch.java:24)\n\tat org.gradle.internal.dispatch.ContextClassLoaderDispatch.dispatch(ContextClassLoaderDispatch.java:33)\n\tat org.gradle.internal.dispatch.ProxyDispatchAdapter$DispatchingInvocationHandler.invoke(ProxyDispatchAdapter.java:94)\n\tat com.sun.proxy.$Proxy2.stop(Unknown Source)\n\tat org.gradle.api.internal.tasks.testing.worker.TestWorker.stop(TestWorker.java:135)\n\tat java.base/jdk.internal.reflect.NativeMethodAccessorImpl.invoke0(Native Method)\n\tat java.base/jdk.internal.reflect.NativeMethodAccessorImpl.invoke(NativeMethodAccessorImpl.java:62)\n\tat java.base/jdk.internal.reflect.DelegatingMethodAccessorImpl.invoke(DelegatingMethodAccessorImpl.java:43)\n\tat java.base/java.lang.reflect.Method.invoke(Method.java:566)\n\tat org.gradle.internal.dispatch.ReflectionDispatch.dispatch(ReflectionDispatch.java:36)\n\tat org.gradle.internal.dispatch.ReflectionDispatch.dispatch(ReflectionDispatch.java:24)\n\tat org.gradle.internal.remote.internal.hub.MessageHubBackedObjectConnection$DispatchWrapper.dispatch(MessageHubBackedObjectConnection.java:182)\n\tat org.gradle.internal.remote.internal.hub.MessageHubBackedObjectConnection$DispatchWrapper.dispatch(MessageHubBackedObjectConnection.java:164)\n\tat org.gradle.internal.remote.internal.hub.MessageHub$Handler.run(MessageHub.java:414)\n\tat org.gradle.internal.concurrent.ExecutorPolicy$CatchAndRecordFailures.onExecute(ExecutorPolicy.java:64)\n\tat org.gradle.internal.concurrent.ManagedExecutorImpl$1.run(ManagedExecutorImpl.java:48)\n\tat java.base/java.util.concurrent.ThreadPoolExecutor.runWorker(ThreadPoolExecutor.java:1128)\n\tat java.base/java.util.concurrent.ThreadPoolExecutor$Worker.run(ThreadPoolExecutor.java:628)\n\tat org.gradle.internal.concurrent.ThreadFactoryImpl$ManagedThreadRunnable.run(ThreadFactoryImpl.java:56)\n\tat java.base/java.lang.Thread.run(Thread.java:829)\nCaused by: org.openqa.selenium.ElementClickInterceptedException: element click intercepted: Element <ion-menu-toggle _ngcontent-udl-c94=\"\" menu=\"main-menu\" class=\"md hydrated\">...</ion-menu-toggle> is not clickable at point (28, 40). Other element would receive the click: <ion-menu _ngcontent-udl-c173=\"\" contentid=\"main-content\" menuid=\"flag-menu\" side=\"end\" role=\"navigation\" class=\"md menu-type-overlay menu-enabled menu-side-end hydrated show-menu\" content-id=\"main-content\" menu-id=\"flag-menu\">...</ion-menu>\n  (Session info: headless chrome=97.0.4692.99)\nBuild info: version: '3.141.59', revision: 'e82be7d358', time: '2018-11-14T08:17:03'\nSystem info: host: 'fv-az74-94', ip: '10.1.0.147', os.name: 'Linux', os.arch: 'amd64', os.version: '5.11.0-1028-azure', java.version: '11.0.11'\nDriver info: org.openqa.selenium.chrome.ChromeDriver\nCapabilities {acceptInsecureCerts: true, browserName: chrome, browserVersion: 97.0.4692.99, chrome: {chromedriverVersion: 97.0.4692.71 (adefa7837d02a..., userDataDir: /tmp/.com.google.Chrome.wccUIj}, goog:chromeOptions: {debuggerAddress: localhost:39549}, javascriptEnabled: true, networkConnectionEnabled: false, pageLoadStrategy: normal, platform: LINUX, platformName: LINUX, proxy: Proxy(), setWindowRect: true, strictFileInteractability: false, timeouts: {implicit: 0, pageLoad: 300000, script: 30000}, unhandledPromptBehavior: dismiss and notify, webauthn:extension:credBlob: true, webauthn:extension:largeBlob: true, webauthn:virtualAuthenticators: true}\nSession ID: a780bc192487e0dd854eba086133dd57\n\tat java.base/jdk.internal.reflect.NativeConstructorAccessorImpl.newInstance0(Native Method)\n\tat java.base/jdk.internal.reflect.NativeConstructorAccessorImpl.newInstance(NativeConstructorAccessorImpl.java:62)\n\tat java.base/jdk.internal.reflect.DelegatingConstructorAccessorImpl.newInstance(DelegatingConstructorAccessorImpl.java:45)\n\tat java.base/java.lang.reflect.Constructor.newInstance(Constructor.java:490)\n\tat org.openqa.selenium.remote.http.W3CHttpResponseCodec.createException(W3CHttpResponseCodec.java:187)\n\tat org.openqa.selenium.remote.http.W3CHttpResponseCodec.decode(W3CHttpResponseCodec.java:122)\n\tat org.openqa.selenium.remote.http.W3CHttpResponseCodec.decode(W3CHttpResponseCodec.java:49)\n\tat org.openqa.selenium.remote.HttpCommandExecutor.execute(HttpCommandExecutor.java:158)\n\tat org.openqa.selenium.remote.service.DriverCommandExecutor.execute(DriverCommandExecutor.java:83)\n\tat org.openqa.selenium.remote.RemoteWebDriver.execute(RemoteWebDriver.java:552)\n\tat org.openqa.selenium.remote.RemoteWebElement.execute(RemoteWebElement.java:285)\n\tat org.openqa.selenium.remote.RemoteWebElement.click(RemoteWebElement.java:84)\n\tat com.codeborne.selenide.commands.Click.click(Click.java:46)\n\tat com.codeborne.selenide.commands.Click.execute(Click.java:27)\n\tat com.codeborne.selenide.commands.Click.execute(Click.java:16)\n\tat com.codeborne.selenide.commands.Commands.execute(Commands.java:157)\n\tat com.codeborne.selenide.impl.SelenideElementProxy.dispatchAndRetry(SelenideElementProxy.java:134)\n\t... 97 more\n",
        "steps" : [ ],
        "attachments" : [ {
          "uid" : "9fcd69abe7ab5b74",
          "name" : "Screenshot",
          "source" : "9fcd69abe7ab5b74.png",
          "type" : "image/png",
          "size" : 222432
        }, {
          "uid" : "62219f4a8c501193",
          "name" : "Page source",
          "source" : "62219f4a8c501193.html",
          "type" : "text/html",
          "size" : 96378
        } ],
        "parameters" : [ ],
        "stepsCount" : 0,
        "attachmentsCount" : 2,
        "shouldDisplayMessage" : true,
        "hasContent" : true
      } ],
      "attachments" : [ ],
      "parameters" : [ ],
      "stepsCount" : 1,
      "attachmentsCount" : 2,
      "shouldDisplayMessage" : false,
      "hasContent" : true
    }, {
      "name" : "$(\"webdriver\") close()",
      "time" : {
        "start" : 1643903760447,
        "stop" : 1643903760519,
        "duration" : 72
      },
      "status" : "passed",
      "steps" : [ ],
      "attachments" : [ ],
      "parameters" : [ ],
      "stepsCount" : 0,
      "attachmentsCount" : 0,
      "shouldDisplayMessage" : false,
      "hasContent" : false
    } ],
    "attachments" : [ {
      "uid" : "b10c089420811ed",
      "name" : "Request",
      "source" : "b10c089420811ed.html",
      "type" : "text/html",
      "size" : 2112
    }, {
      "uid" : "4e07c75b48c8573d",
      "name" : "HTTP/1.1 201 Created",
      "source" : "4e07c75b48c8573d.html",
      "type" : "text/html",
      "size" : 3307
    }, {
      "uid" : "8f22e04f9d9d2ffe",
      "name" : "Request",
      "source" : "8f22e04f9d9d2ffe.html",
      "type" : "text/html",
      "size" : 549
    }, {
      "uid" : "38f8d65a14e4eb55",
      "name" : "HTTP/1.1 200 OK",
      "source" : "38f8d65a14e4eb55.html",
      "type" : "text/html",
      "size" : 3860
    }, {
      "uid" : "d1e4e69dbe575de4",
      "name" : "Request",
      "source" : "d1e4e69dbe575de4.html",
      "type" : "text/html",
      "size" : 549
    }, {
      "uid" : "6f64d17821dc8d3",
      "name" : "HTTP/1.1 200 OK",
      "source" : "6f64d17821dc8d3.html",
      "type" : "text/html",
      "size" : 3860
    }, {
      "uid" : "e54c319d1b85a28c",
      "name" : "Request",
      "source" : "e54c319d1b85a28c.html",
      "type" : "text/html",
      "size" : 585
    }, {
      "uid" : "926638374560bacc",
      "name" : "HTTP/1.1 200 OK",
      "source" : "926638374560bacc.html",
      "type" : "text/html",
      "size" : 1788
    }, {
      "uid" : "c4ecc62041bd2b92",
      "name" : "Request",
      "source" : "c4ecc62041bd2b92.html",
      "type" : "text/html",
      "size" : 2127
    }, {
      "uid" : "fee2068a9b391d39",
      "name" : "HTTP/1.1 201 Created",
      "source" : "fee2068a9b391d39.html",
      "type" : "text/html",
      "size" : 3105
    }, {
      "uid" : "7f997dcab0d52138",
      "name" : "Request",
      "source" : "7f997dcab0d52138.html",
      "type" : "text/html",
      "size" : 2109
    }, {
      "uid" : "6bfd3fee50c0a6fe",
      "name" : "HTTP/1.1 201 Created",
      "source" : "6bfd3fee50c0a6fe.html",
      "type" : "text/html",
      "size" : 3156
    }, {
      "uid" : "6d9ed9f94f60db50",
      "name" : "Request",
      "source" : "6d9ed9f94f60db50.html",
      "type" : "text/html",
      "size" : 567
    }, {
      "uid" : "c96268f087eec69d",
      "name" : "HTTP/1.1 200 OK",
      "source" : "c96268f087eec69d.html",
      "type" : "text/html",
      "size" : 20163
    }, {
      "uid" : "a40edfb9401515e5",
      "name" : "Request",
      "source" : "a40edfb9401515e5.html",
      "type" : "text/html",
      "size" : 2171
    }, {
      "uid" : "e3442057e368cf9",
      "name" : "HTTP/1.1 201 Created",
      "source" : "e3442057e368cf9.html",
      "type" : "text/html",
      "size" : 2980
    }, {
      "uid" : "57bcf3cdb752ffba",
      "name" : "Request",
      "source" : "57bcf3cdb752ffba.html",
      "type" : "text/html",
      "size" : 2821
    }, {
      "uid" : "d173bb5e91f4c881",
      "name" : "HTTP/1.1 201 Created",
      "source" : "d173bb5e91f4c881.html",
      "type" : "text/html",
      "size" : 3332
    }, {
      "uid" : "13abf65380e7a9c7",
      "name" : "Request",
      "source" : "13abf65380e7a9c7.html",
      "type" : "text/html",
      "size" : 4255
    }, {
      "uid" : "bcd8346f4ee9dc9f",
      "name" : "HTTP/1.1 201 Created",
      "source" : "bcd8346f4ee9dc9f.html",
      "type" : "text/html",
      "size" : 3771
    }, {
      "uid" : "875688588696a583",
      "name" : "Request",
      "source" : "875688588696a583.html",
      "type" : "text/html",
      "size" : 2373
    }, {
      "uid" : "888852b8477a4aed",
      "name" : "HTTP/1.1 201 Created",
      "source" : "888852b8477a4aed.html",
      "type" : "text/html",
      "size" : 3093
    }, {
      "uid" : "c6e46c64f7a65cf0",
      "name" : "Last screenshot",
      "source" : "c6e46c64f7a65cf0.png",
      "type" : "image/png",
      "size" : 222432
    }, {
      "uid" : "11eda92110933fad",
      "name" : "Page source",
      "source" : "11eda92110933fad.html",
      "type" : "text/plain",
      "size" : 96378
    }, {
      "uid" : "650b373a67c188c",
      "name" : "Browser console logs",
      "source" : "650b373a67c188c.txt",
      "type" : "text/plain",
      "size" : 425
    } ],
    "parameters" : [ ],
    "stepsCount" : 40,
    "attachmentsCount" : 28,
    "shouldDisplayMessage" : false,
    "hasContent" : true
  },
  "afterStages" : [ ],
  "labels" : [ {
    "name" : "tag",
    "value" : "desktop"
  }, {
    "name" : "junit.platform.uniqueid",
    "value" : "[engine:junit-jupiter]/[class:desktopTests.regressionTests.BookingTests]/[method:t00000()]"
  }, {
    "name" : "story",
    "value" : "https://redmine.maxi-booking.ru/issues/4857"
  }, {
    "name" : "feature",
    "value" : "Booking"
  }, {
    "name" : "owner",
    "value" : "Kratakey"
  }, {
    "name" : "host",
    "value" : "fv-az74-94"
  }, {
    "name" : "thread",
    "value" : "3240@fv-az74-94.Test worker(11)"
  }, {
    "name" : "framework",
    "value" : "junit-platform"
  }, {
    "name" : "language",
    "value" : "java"
  }, {
    "name" : "package",
    "value" : "desktopTests.regressionTests.BookingTests"
  }, {
    "name" : "testClass",
    "value" : "desktopTests.regressionTests.BookingTests"
  }, {
    "name" : "testMethod",
    "value" : "t00000"
  }, {
    "name" : "suite",
    "value" : "desktopTests.regressionTests.BookingTests"
  }, {
    "name" : "severity",
    "value" : "critical"
  }, {
    "name" : "resultFormat",
    "value" : "allure2"
  } ],
  "parameters" : [ ],
  "links" : [ ],
  "hidden" : false,
  "retry" : false,
  "extra" : {
    "severity" : "critical",
    "owner" : "Kratakey",
    "retries" : [ ],
    "categories" : [ {
      "name" : "Product defects",
      "matchedStatuses" : [ ],
      "flaky" : false
    } ],
    "history" : {
      "statistic" : {
        "failed" : 4,
        "broken" : 1,
        "skipped" : 0,
        "passed" : 3,
        "unknown" : 0,
        "total" : 8
      },
      "items" : [ {
        "uid" : "127a7bf5dccacd27",
        "reportUrl" : "https://Kratakey.github.io/QAG25-diploma/13//#testresult/127a7bf5dccacd27",
        "status" : "broken",
        "statusDetails" : "Invalid 'remote' parameter: ",
        "time" : {
          "start" : 1643903083056,
          "stop" : 1643903099810,
          "duration" : 16754
        }
      }, {
        "uid" : "f01cb8fcce270a95",
        "reportUrl" : "https://Kratakey.github.io/QAG25-diploma/12//#testresult/f01cb8fcce270a95",
        "status" : "passed",
        "time" : {
          "start" : 1643902739826,
          "stop" : 1643902804196,
          "duration" : 64370
        }
      }, {
        "uid" : "2719d5ea16d6359e",
        "reportUrl" : "https://Kratakey.github.io/QAG25-diploma/11//#testresult/2719d5ea16d6359e",
        "status" : "passed",
        "time" : {
          "start" : 1643901766053,
          "stop" : 1643901820175,
          "duration" : 54122
        }
      }, {
        "uid" : "89f6184d347ac6ae",
        "reportUrl" : "https://Kratakey.github.io/QAG25-diploma/10//#testresult/89f6184d347ac6ae",
        "status" : "failed",
        "statusDetails" : "Invalid element state: element click intercepted: Element <ion-menu-toggle _ngcontent-buh-c94=\"\" menu=\"main-menu\" class=\"md hydrated\">...</ion-menu-toggle> is not clickable at point (28, 40). Other element would receive the click: <ion-menu _ngcontent-buh-c173=\"\" contentid=\"main-content\" menuid=\"flag-menu\" side=\"end\" role=\"navigation\" class=\"md menu-type-overlay menu-enabled menu-side-end hydrated show-menu\" content-id=\"main-content\" menu-id=\"flag-menu\">...</ion-menu>\nScreenshot: file:/home/runner/work/QAG25-diploma/QAG25-diploma/build/reports/tests/1643803674727.7.png\nPage source: file:/home/runner/work/QAG25-diploma/QAG25-diploma/build/reports/tests/1643803674727.7.html\nTimeout: 10 s.\nCaused by: ElementClickInterceptedException: element click intercepted: Element <ion-menu-toggle _ngcontent-buh-c94=\"\" menu=\"main-menu\" class=\"md hydrated\">...</ion-menu-toggle> is not clickable at point (28, 40). Other element would receive the click: <ion-menu _ngcontent-buh-c173=\"\" contentid=\"main-content\" menuid=\"flag-menu\" side=\"end\" role=\"navigation\" class=\"md menu-type-overlay menu-enabled menu-side-end hydrated show-menu\" content-id=\"main-content\" menu-id=\"flag-menu\">...</ion-menu>",
        "time" : {
          "start" : 1643803636781,
          "stop" : 1643803675608,
          "duration" : 38827
        }
      }, {
        "uid" : "cc74664603dda084",
        "reportUrl" : "https://Kratakey.github.io/QAG25-diploma/9//#testresult/cc74664603dda084",
        "status" : "failed",
        "statusDetails" : "Invalid element state: element click intercepted: Element <ion-menu-toggle _ngcontent-ueb-c94=\"\" menu=\"main-menu\" class=\"md hydrated\">...</ion-menu-toggle> is not clickable at point (28, 40). Other element would receive the click: <ion-menu _ngcontent-ueb-c173=\"\" contentid=\"main-content\" menuid=\"flag-menu\" side=\"end\" role=\"navigation\" class=\"md menu-type-overlay menu-enabled menu-side-end hydrated show-menu\" content-id=\"main-content\" menu-id=\"flag-menu\">...</ion-menu>\nScreenshot: file:/home/runner/work/QAG25-diploma/QAG25-diploma/build/reports/tests/1643802337741.7.png\nPage source: file:/home/runner/work/QAG25-diploma/QAG25-diploma/build/reports/tests/1643802337741.7.html\nTimeout: 10 s.\nCaused by: ElementClickInterceptedException: element click intercepted: Element <ion-menu-toggle _ngcontent-ueb-c94=\"\" menu=\"main-menu\" class=\"md hydrated\">...</ion-menu-toggle> is not clickable at point (28, 40). Other element would receive the click: <ion-menu _ngcontent-ueb-c173=\"\" contentid=\"main-content\" menuid=\"flag-menu\" side=\"end\" role=\"navigation\" class=\"md menu-type-overlay menu-enabled menu-side-end hydrated show-menu\" content-id=\"main-content\" menu-id=\"flag-menu\">...</ion-menu>",
        "time" : {
          "start" : 1643802298779,
          "stop" : 1643802338638,
          "duration" : 39859
        }
      }, {
        "uid" : "dd96dda0c4f934f0",
        "reportUrl" : "https://Kratakey.github.io/QAG25-diploma/8//#testresult/dd96dda0c4f934f0",
        "status" : "failed",
        "statusDetails" : "Element not found {#alert-1-sub-hdr}\nExpected: visible\nScreenshot: file:/home/runner/work/QAG25-diploma/QAG25-diploma/build/reports/tests/1643801522872.14.png\nPage source: file:/home/runner/work/QAG25-diploma/QAG25-diploma/build/reports/tests/1643801522872.14.html\nTimeout: 10 s.\nCaused by: NoSuchElementException: no such element: Unable to locate element: {\"method\":\"css selector\",\"selector\":\"#alert-1-sub-hdr\"}",
        "time" : {
          "start" : 1643801499409,
          "stop" : 1643801523429,
          "duration" : 24020
        }
      }, {
        "uid" : "1fc51e61cc93aedf",
        "reportUrl" : "https://Kratakey.github.io/QAG25-diploma/7//#testresult/1fc51e61cc93aedf",
        "status" : "passed",
        "time" : {
          "start" : 1643800176402,
          "stop" : 1643800214784,
          "duration" : 38382
        }
      } ]
    },
    "tags" : [ "desktop" ]
  },
  "source" : "43c06e3292c590c4.json",
  "parameterValues" : [ ]
}